[0mGET / [36m304[0m 146.998 ms - -[0m
[0mGET /users/sign-up [36m304[0m 16.739 ms - -[0m
[0mGET /users/sign-in [36m304[0m 22.459 ms - -[0m
[0mPOST /users/create-session [36m302[0m 19.507 ms - 46[0m
[0mGET / [32m200[0m 100.942 ms - 43509[0m
[0mGET /users/profile/6593eac7411335617efe4648 [32m200[0m 13.746 ms - 1783[0m
[0mGET /uploads/users/avatars/avatar-1704285942662-352415219 [33m404[0m 16.252 ms - 191[0m
[0mGET / [32m200[0m 298.166 ms - 26831[0m
[0mGET /favicon.ico [33m404[0m 10.486 ms - 150[0m
[0mGET / [32m200[0m 103.113 ms - 26831[0m
[0mGET /favicon.ico [33m404[0m 5.142 ms - 150[0m
[0mGET /users/sign-up [32m200[0m 7.876 ms - 2049[0m
[0mPOST /users/create [36m302[0m 47.329 ms - 72[0m
[0mGET /users/sign-in [32m200[0m 8.107 ms - 1895[0m
[0mPOST /users/create [36m302[0m 9.561 ms - 114[0m
[0mGET /users/sign-up [36m304[0m 6.547 ms - -[0m
[0mGET /users/sign-in [36m304[0m 7.216 ms - -[0m
[0mPOST /users/create-session [36m302[0m 16.766 ms - 46[0m
[0mGET / [32m200[0m 95.382 ms - 45104[0m
[0mGET /users/profile/66922c49a987b8485d94f640 [32m200[0m 12.274 ms - 2111[0m
[0mPOST /likes/toggle/?id=6613f21fd3e68b509c2750f7&type=Post [32m200[0m 40.852 ms - 58[0m
[0mPOST /likes/toggle/?id=659fce1c5ee4eb0481835c69&type=Post [32m200[0m 15.043 ms - 58[0m
[0mPOST /likes/toggle/?id=6613f21fd3e68b509c2750f7&type=Post [32m200[0m 16.036 ms - 57[0m
[0mPOST /likes/toggle/?id=6613f21fd3e68b509c2750f7&type=Post [32m200[0m 11.505 ms - 58[0m
[0mGET /users/profile/66922c49a987b8485d94f640 [36m304[0m 9.967 ms - -[0m
[0mPOST /users/update/66922c49a987b8485d94f640 [36m302[0m 20.769 ms - 164[0m
[0mGET /users/profile/66922c49a987b8485d94f640 [32m200[0m 9.148 ms - 2164[0m
[0mGET / [32m200[0m 98.988 ms - 44848[0m
[0mPOST /posts/create [32m200[0m 8.788 ms - 247[0m
[0mGET / [32m200[0m 84.012 ms - 27493[0m
[0mGET / [32m200[0m 81.820 ms - 27693[0m
[0mGET /users/sign-in [36m304[0m 6.296 ms - -[0m
[0mPOST /users/create-session [36m302[0m 8.419 ms - 46[0m
[0mGET / [32m200[0m 53.734 ms - 46433[0m
[0mPOST /posts/create [32m200[0m 14.644 ms - 247[0m
[0mGET / [32m200[0m 73.939 ms - 47334[0m
[0mPOST /posts/create [32m200[0m 11.240 ms - 242[0m
[0mPOST /posts/create [32m200[0m 23.427 ms - 244[0m
[0mPOST /posts/create [32m200[0m 7.144 ms - 244[0m
[0mGET / [32m200[0m 95.617 ms - 51007[0m
[0mPOST /posts/create [32m200[0m 11.139 ms - 239[0m
[0mPOST /posts/create [32m200[0m 6.828 ms - 239[0m
[0mPOST /posts/create [32m200[0m 5.697 ms - 239[0m
[0mPOST /posts/create [32m200[0m 6.300 ms - 239[0m
[0mPOST /posts/create [32m200[0m 4.812 ms - 239[0m
[0mPOST /posts/create [32m200[0m 5.329 ms - 239[0m
[0mPOST /posts/create [32m200[0m 6.158 ms - 239[0m
[0mPOST /posts/create [32m200[0m 5.603 ms - 239[0m
[0mPOST /posts/create [32m200[0m 7.062 ms - 239[0m
[0mPOST /posts/create [32m200[0m 6.403 ms - 239[0m
[0mPOST /posts/create [32m200[0m 5.533 ms - 239[0m
[0mPOST /posts/create [32m200[0m 5.689 ms - 239[0m
[0mPOST /posts/create [32m200[0m 7.551 ms - 239[0m
[0mPOST /posts/create [32m200[0m 5.819 ms - 239[0m
[0mPOST /posts/create [32m200[0m 5.641 ms - 239[0m
[0mPOST /posts/create [32m200[0m 7.015 ms - 239[0m
[0mPOST /posts/create [32m200[0m 4.013 ms - 239[0m
[0mPOST /posts/create [32m200[0m 4.945 ms - 239[0m
[0mPOST /posts/create [32m200[0m 6.236 ms - 239[0m
[0mPOST /posts/create [32m200[0m 5.088 ms - 239[0m
[0mPOST /posts/create [32m200[0m 4.602 ms - 239[0m
[0mPOST /posts/create [32m200[0m 5.974 ms - 239[0m
[0mGET / [32m200[0m 77.157 ms - 77847[0m
[0mGET / [36m304[0m 67.968 ms - -[0m
[0mGET / [36m304[0m 84.111 ms - -[0m
[0mPOST /posts/create [32m200[0m 12.820 ms - 238[0m
[0mPOST /posts/create [32m200[0m 7.112 ms - 238[0m
[0mGET / [32m200[0m 95.188 ms - 80285[0m
[0mGET / [36m304[0m 66.964 ms - -[0m
[0mPOST /posts/create [32m200[0m 10.883 ms - 237[0m
[0mPOST /posts/create [32m200[0m 5.547 ms - 237[0m
[0mPOST /posts/create [32m200[0m 6.584 ms - 239[0m
[0mPOST /posts/create [32m200[0m 5.614 ms - 239[0m
[0mGET /users/profile/66922c49a987b8485d94f640 [36m304[0m 7.394 ms - -[0m
[0mPOST /users/update/66922c49a987b8485d94f640 [36m302[0m 16.300 ms - 164[0m
[0mGET /users/profile/66922c49a987b8485d94f640 [32m200[0m 5.558 ms - 2164[0m
[0mGET /users/profile/66922c49a987b8485d94f640 [36m304[0m 7.561 ms - -[0m
[0mGET / [32m200[0m 76.851 ms - 85161[0m
[0mPOST /posts/create [32m200[0m 4.471 ms - 240[0m
[0mGET / [32m200[0m 84.045 ms - 86382[0m
[0mPOST /posts/create [32m200[0m 5.706 ms - 237[0m
[0mGET / [32m200[0m 67.553 ms - 87600[0m
[0mGET / [36m304[0m 114.543 ms - -[0m
[0mGET /users/sign-out [36m302[0m 12.128 ms - 46[0m
[0mGET / [32m200[0m 67.258 ms - 45946[0m
[0mGET /users/sign-in [36m304[0m 5.301 ms - -[0m
[0mPOST /users/create-session [36m302[0m 5.077 ms - 46[0m
[0mGET / [32m200[0m 73.652 ms - 83024[0m
[0mPOST /posts/create [32m200[0m 14.481 ms - 241[0m
[0mGET / [32m200[0m 70.352 ms - 83920[0m
[0mPOST /posts/create [32m200[0m 5.948 ms - 239[0m
[0mGET / [32m200[0m 73.982 ms - 85141[0m
[0mPOST /likes/toggle/?id=66927a8a49c17f6b64b342e5&type=Post [32m200[0m 11.202 ms - 58[0m
[0mGET / [32m200[0m 130.435 ms - 84368[0m
[0mPOST /posts/create [32m200[0m 14.402 ms - 248[0m
[0mGET / [32m200[0m 81.735 ms - 85590[0m
[0mGET / [36m304[0m 110.024 ms - -[0m
[0mPOST /posts/create [32m200[0m 12.320 ms - 249[0m
[0mPOST /posts/create [32m200[0m 8.416 ms - 256[0m
[0mPOST /posts/create [32m200[0m 8.171 ms - 256[0m
[0mGET / [32m200[0m 130.950 ms - 89282[0m
[0mGET / [36m304[0m 75.578 ms - -[0m
[0mPOST /posts/create [32m200[0m 13.743 ms - 240[0m
[0mGET / [32m200[0m 82.340 ms - 90496[0m
[0mGET / [36m304[0m 70.371 ms - -[0m
[0mGET / [32m200[0m 84.722 ms - 48606[0m
[0mGET /users/sign-up [36m304[0m 5.222 ms - -[0m
[0mPOST /users/create [36m302[0m 7.108 ms - 72[0m
[0mGET /users/sign-in [36m304[0m 4.051 ms - -[0m
[0mPOST /users/create-session [36m302[0m 7.893 ms - 46[0m
[0mGET / [32m200[0m 67.455 ms - 89225[0m
[0mPOST /posts/create [32m200[0m 7.580 ms - 239[0m
[0mGET / [32m200[0m 105.784 ms - 90112[0m
[0mPOST /posts/create [36m302[0m 17.718 ms - 44[0m
[0mGET / [32m200[0m 84.436 ms - 90390[0m
[0mPOST /posts/create [36m302[0m 9.324 ms - 44[0m
[0mGET / [36m304[0m 74.102 ms - -[0m
[0mPOST /posts/create [36m302[0m 8.521 ms - 44[0m
[0mGET / [36m304[0m 70.984 ms - -[0m
[0mPOST /posts/create [36m302[0m 8.435 ms - 44[0m
[0mGET / [36m304[0m 66.794 ms - -[0m
[0mPOST /posts/create [36m302[0m 8.235 ms - 44[0m
[0mGET / [36m304[0m 66.757 ms - -[0m
[0mPOST /posts/create [36m302[0m 9.830 ms - 44[0m
[0mGET / [36m304[0m 66.726 ms - -[0m
[0mPOST /posts/create [36m302[0m 8.682 ms - 44[0m
[0mGET / [36m304[0m 63.612 ms - -[0m
[0mPOST /posts/create [36m302[0m 6.749 ms - 44[0m
[0mGET / [36m304[0m 64.103 ms - -[0m
[0mPOST /posts/create [36m302[0m 8.085 ms - 44[0m
[0mGET / [36m304[0m 59.113 ms - -[0m
[0mPOST /posts/create [36m302[0m 8.317 ms - 44[0m
[0mGET / [36m304[0m 65.780 ms - -[0m
[0mPOST /posts/create [36m302[0m 7.437 ms - 44[0m
[0mGET / [36m304[0m 66.203 ms - -[0m
[0mPOST /posts/create [36m302[0m 7.815 ms - 44[0m
[0mGET / [36m304[0m 63.679 ms - -[0m
[0mPOST /posts/create [36m302[0m 8.014 ms - 44[0m
[0mGET / [36m304[0m 63.570 ms - -[0m
[0mPOST /posts/create [36m302[0m 8.239 ms - 44[0m
[0mGET / [36m304[0m 64.229 ms - -[0m
[0mPOST /posts/create [36m302[0m 7.639 ms - 44[0m
[0mGET / [36m304[0m 59.509 ms - -[0m
[0mPOST /posts/create [36m302[0m 7.514 ms - 44[0m
[0mGET / [36m304[0m 61.416 ms - -[0m
[0mPOST /posts/create [36m302[0m 7.483 ms - 44[0m
[0mGET / [36m304[0m 54.023 ms - -[0m
[0mGET / [32m200[0m 95.012 ms - 90112[0m
[0mPOST /posts/create [36m302[0m 16.935 ms - 44[0m
[0mGET / [32m200[0m 84.038 ms - 90390[0m
[0mGET / [32m200[0m 110.173 ms - 90112[0m
[0mPOST /posts/create [36m302[0m 8.751 ms - 44[0m
[0mGET / [32m200[0m 74.671 ms - 90349[0m
[0mPOST /posts/create [36m302[0m 6.912 ms - 44[0m
[0mGET / [36m304[0m 70.212 ms - -[0m
[0mPOST /posts/create [36m302[0m 6.882 ms - 44[0m
[0mGET / [36m304[0m 74.121 ms - -[0m
[0mPOST /posts/create [36m302[0m 6.280 ms - 44[0m
[0mGET / [36m304[0m 63.944 ms - -[0m
[0mPOST /posts/create [36m302[0m 6.364 ms - 44[0m
[0mGET / [36m304[0m 64.216 ms - -[0m
[0mPOST /posts/create [36m302[0m 6.388 ms - 44[0m
[0mGET / [36m304[0m 60.402 ms - -[0m
[0mPOST /posts/create [36m302[0m 6.303 ms - 44[0m
[0mGET / [36m304[0m 61.427 ms - -[0m
[0mPOST /posts/create [36m302[0m 6.465 ms - 44[0m
[0mGET / [36m304[0m 63.079 ms - -[0m
[0mPOST /posts/create [36m302[0m 6.516 ms - 44[0m
[0mGET / [36m304[0m 56.227 ms - -[0m
[0mPOST /posts/create [36m302[0m 6.303 ms - 44[0m
[0mGET / [36m304[0m 75.243 ms - -[0m
[0mPOST /posts/create [36m302[0m 6.621 ms - 44[0m
[0mGET / [36m304[0m 64.269 ms - -[0m
[0mPOST /posts/create [36m302[0m 6.053 ms - 44[0m
[0mGET / [36m304[0m 67.399 ms - -[0m
[0mGET / [32m200[0m 65.905 ms - 90112[0m
[0mPOST /posts/create [36m302[0m 6.628 ms - 44[0m
[0mGET / [32m200[0m 60.160 ms - 90349[0m
[0mPOST /posts/create [36m302[0m 6.207 ms - 44[0m
[0mGET / [36m304[0m 52.859 ms - -[0m
[0mPOST /posts/create [36m302[0m 5.926 ms - 44[0m
[0mGET / [36m304[0m 57.373 ms - -[0m
[0mGET / [32m200[0m 78.165 ms - 90112[0m
[0mPOST /posts/create [36m302[0m 5.599 ms - 44[0m
[0mGET / [32m200[0m 60.445 ms - 90349[0m
[0mGET / [32m200[0m 101.896 ms - 90103[0m
[0mPOST /posts/create [32m200[0m 73.262 ms - 309[0m
[0mPOST /posts/create [32m200[0m 44151.448 ms - 311[0m
[0mGET / [32m200[0m 77.794 ms - 92885[0m
[0mPOST /posts/create [0m-[0m - ms - -[0m
[0mPOST /posts/create [0m-[0m - ms - -[0m
[0mPOST /posts/create [0m-[0m - ms - -[0m
[0mPOST /posts/create [0m-[0m - ms - -[0m
[0mPOST /posts/create [0m-[0m - ms - -[0m
[0mGET / [32m200[0m 69.084 ms - 92889[0m
[0mGET /users/profile/66929241859292316bb14a9f [32m200[0m 8.443 ms - 2134[0m
[0mGET / [36m304[0m 66.328 ms - -[0m
[0mGET / [36m304[0m 62.000 ms - -[0m
[0mGET / [32m200[0m 61.614 ms - 92889[0m
[0mGET /posts/destroy/6692995727ba90d49f09e971 [32m200[0m 20.208 ms - 72[0m
[0mGET / [32m200[0m 46.254 ms - 71887[0m
[0mPOST /posts/create [32m200[0m 17.380 ms - 317[0m
[0mGET / [32m200[0m 9.061 ms - 4730[0m
[0mPOST /posts/create [32m200[0m 10.440 ms - 334[0m
[0mPOST /likes/toggle/?id=6692a08227ba90d49f09e9ab&type=Post [32m200[0m 8.775 ms - 58[0m
[0mGET / [32m200[0m 11.991 ms - 6145[0m
[0mGET / [31m500[0m 10.031 ms - 2515[0m
[0mGET /users/sign-in [32m200[0m 4.409 ms - 1895[0m
[0mGET /users/sign-in [36m304[0m 4.678 ms - -[0m
[0mGET /users/sign-up [32m200[0m 4.270 ms - 2049[0m
[0mGET /users/auth/google [36m302[0m 3.461 ms - 0[0m
[0mGET /users/auth/google/callback?code=4%2F0ATx3LY6fFhzEp67fbpo2j5pvwsdtr8k9K3-6eVu1PdngP8F_bSilFZsDi7fB8HntlvYXhw&scope=email+profile+openid+https%3A%2F%2Fwww.googleapis.com%2Fauth%2Fuserinfo.profile+https%3A%2F%2Fwww.googleapis.com%2Fauth%2Fuserinfo.email&authuser=0&prompt=consent [36m302[0m 780.963 ms - 46[0m
[0mGET / [31m500[0m 9.014 ms - 2692[0m
[0mGET / [31m500[0m 7.139 ms - 2692[0m
[0mGET / [31m500[0m 8.721 ms - 2692[0m
[0mGET / [31m500[0m 11.334 ms - 2692[0m
[0mGET /users/auth/google/callback?code=4%2F0ATx3LY4Nu4JSfp-pdMSXiLtEx7p4koIuRdCUoKnJUrymlpr4Rii5asoRuRSrqgfyF7ilmg&scope=email+profile+openid+https%3A%2F%2Fwww.googleapis.com%2Fauth%2Fuserinfo.profile+https%3A%2F%2Fwww.googleapis.com%2Fauth%2Fuserinfo.email&authuser=0&prompt=consent [36m302[0m 572.677 ms - 72[0m
[0mGET /users/sign-in [36m304[0m 4.673 ms - -[0m
[0mGET /users/auth/google [36m302[0m 2.164 ms - 0[0m
[0mGET /users/auth/google/callback?code=4%2F0ATx3LY661wZ7WSTBikWf1LIMeJOOuxRWX6H-vcR1_G1el8GDBthQrY5sTvFWT-LbCqsOCQ&scope=email+profile+https%3A%2F%2Fwww.googleapis.com%2Fauth%2Fuserinfo.profile+https%3A%2F%2Fwww.googleapis.com%2Fauth%2Fuserinfo.email+openid&authuser=0&prompt=none [36m302[0m 512.893 ms - 72[0m
[0mGET /users/sign-in [36m304[0m 3.657 ms - -[0m
[0mGET /users/auth/google [36m302[0m 2.124 ms - 0[0m
[0mGET /users/auth/google/callback?code=4%2F0ATx3LY7dF_jdpm8RL90O_Rp2oKqejxAUzWlH3pb5slA0yrJBxLtsAFjZK32487gSIUzzrg&scope=email+profile+https%3A%2F%2Fwww.googleapis.com%2Fauth%2Fuserinfo.profile+openid+https%3A%2F%2Fwww.googleapis.com%2Fauth%2Fuserinfo.email&authuser=0&prompt=none [36m302[0m 217.183 ms - 72[0m
[0mGET /users/sign-in [36m304[0m 4.207 ms - -[0m
[0mGET /users/auth/google [36m302[0m 2.118 ms - 0[0m
[0mGET /users/auth/google/callback?code=4%2F0ATx3LY4Ecf0Ruvsutt17KWDSAB0zBDnXOSm6tZM7T0orgXVx5tls0ur4hcztccq6jg3dhg&scope=email+profile+https%3A%2F%2Fwww.googleapis.com%2Fauth%2Fuserinfo.email+openid+https%3A%2F%2Fwww.googleapis.com%2Fauth%2Fuserinfo.profile&authuser=0&prompt=none [36m302[0m 239.998 ms - 72[0m
[0mGET /users/sign-in [36m304[0m 3.557 ms - -[0m
[0mGET / [31m500[0m 39.608 ms - 2515[0m
[0mGET / [31m500[0m 13.242 ms - 2515[0m
[0mGET / [31m500[0m 10.788 ms - 2515[0m
[0mGET / [31m500[0m 9.479 ms - 2515[0m
[0mGET / [31m500[0m 10.471 ms - 2515[0m
[0mGET / [31m500[0m 9.950 ms - 2515[0m
[0mGET / [31m500[0m 8.041 ms - 2515[0m
[0mGET / [31m500[0m 8.146 ms - 2515[0m
[0mGET / [31m500[0m 8.051 ms - 2515[0m
[0mGET / [31m500[0m 9.266 ms - 2515[0m
[0mGET / [31m500[0m 8.879 ms - 2515[0m
[0mGET / [32m200[0m 20.202 ms - 2452[0m
[0mGET /users/sign-up [36m304[0m 5.812 ms - -[0m
[0mPOST /users/create [36m302[0m 14.416 ms - 72[0m
[0mGET /users/sign-in [36m304[0m 3.559 ms - -[0m
[0mPOST /users/create-session [36m302[0m 9.883 ms - 46[0m
[0mGET / [32m200[0m 10.184 ms - 3839[0m
[0mPOST /posts/create [32m200[0m 16.298 ms - 323[0m
[0mGET /users/profile/6692a3424454d9819633bb98 [32m200[0m 7.843 ms - 2149[0m
[0mGET /users/profile/6692a3424454d9819633bb98 [36m304[0m 7.538 ms - -[0m
[0mPOST /users/update/6692a3424454d9819633bb98 [36m302[0m 11.143 ms - 164[0m
[0mGET /users/profile/6692a3424454d9819633bb98 [32m200[0m 6.155 ms - 2202[0m
[0mPOST /posts/create [32m200[0m 14.166 ms - 323[0m
