[0mGET / [32m200[0m 53.431 ms - 4113[0m
[0mGET / [32m200[0m 32.047 ms - 4119[0m
[0mGET / [36m304[0m 24.752 ms - -[0m
[0mGET /users/sign-up [32m200[0m 7.472 ms - 2049[0m
[0mGET /users/sign-in [32m200[0m 7.507 ms - 1895[0m
[0mPOST /users/create-session [36m302[0m 8.880 ms - 72[0m
[0mGET /users/sign-in [32m200[0m 6.306 ms - 2141[0m
[0mPOST /users/create-session [36m302[0m 6.963 ms - 72[0m
[0mGET /users/sign-in [36m304[0m 8.161 ms - -[0m
[0mGET /users/auth/google [36m302[0m 5.937 ms - 0[0m
[0mGET /users/auth/google/callback?code=4%2F0ATx3LY5sfaXl64fCtknCxM7oAnP8FNEStv2knUIA89Ti3asjvy7aiY-v-sitjhzq2Vxy9Q&scope=email+profile+https%3A%2F%2Fwww.googleapis.com%2Fauth%2Fuserinfo.profile+openid+https%3A%2F%2Fwww.googleapis.com%2Fauth%2Fuserinfo.email&authuser=0&prompt=none [36m302[0m 752.155 ms - 46[0m
[0mGET / [32m200[0m 25.325 ms - 6567[0m
[0mGET / [32m200[0m 32.988 ms - 6238[0m
[0mGET / [32m200[0m 29.432 ms - 6240[0m
[0mGET / [36m304[0m 25.977 ms - -[0m
[0mGET / [36m304[0m 26.155 ms - -[0m
[0mGET / [36m304[0m 32.462 ms - -[0m
[0mGET / [32m200[0m 96.215 ms - 6237[0m
[0mGET / [36m304[0m 37.761 ms - -[0m
[0mGET / [36m304[0m 36.684 ms - -[0m
[0mGET / [36m304[0m 90.184 ms - -[0m
[0mGET / [36m304[0m 33.815 ms - -[0m
[0mGET / [32m200[0m 38.691 ms - 6235[0m
[0mGET / [36m304[0m 37.537 ms - -[0m
[0mGET / [32m200[0m 90.363 ms - 6238[0m
[0mGET / [36m304[0m 37.423 ms - -[0m
[0mGET / [36m304[0m 34.578 ms - -[0m
[0mGET / [36m304[0m 33.427 ms - -[0m
[0mGET / [32m200[0m 31.652 ms - 6240[0m
[0mGET / [36m304[0m 33.913 ms - -[0m
[0mGET / [32m200[0m 87.623 ms - 6288[0m
[0mGET / [36m304[0m 35.430 ms - -[0m
[0mGET / [36m304[0m 35.382 ms - -[0m
[0mGET / [36m304[0m 99.329 ms - -[0m
[0mGET / [36m304[0m 39.977 ms - -[0m
[0mGET / [36m304[0m 32.669 ms - -[0m
[0mGET / [36m304[0m 33.913 ms - -[0m
[0mGET / [36m304[0m 36.452 ms - -[0m
[0mGET / [32m200[0m 31.575 ms - 6342[0m
[0mGET /assets/js/particles.js [33m404[0m 6.665 ms - 161[0m
[0mPOST /posts/create [32m200[0m 34.134 ms - 309[0m
[0mPOST /likes/toggle/?id=669370f8ce45ae89d6789202&type=Post [32m200[0m 13.032 ms - 58[0m
[0mPOST /comments/create [32m200[0m 12.260 ms - 327[0m
[0mGET /users/profile/66935d4e9a77b184a0b470d4 [32m200[0m 9.257 ms - 2252[0m
[0mGET /assets/js/particles.js [33m404[0m 6.586 ms - 161[0m
[0mGET / [32m200[0m 20.524 ms - 8166[0m
[0mGET /assets/js/particles.js [33m404[0m 3.789 ms - 161[0m
[0mGET /users/sign-out [36m302[0m 9.063 ms - 46[0m
[0mGET / [32m200[0m 14.464 ms - 5650[0m
[0mGET /assets/js/particles.js [33m404[0m 2.001 ms - 161[0m
[0mGET / [32m200[0m 15.851 ms - 5329[0m
[0mGET /assets/js/particles.js [33m404[0m 3.170 ms - 161[0m
[0mGET / [36m304[0m 13.773 ms - -[0m
[0mGET /assets/js/particles.js [33m404[0m 2.008 ms - 161[0m
[0mGET /users/sign-in [32m200[0m 3.684 ms - 2010[0m
[0mGET /assets/js/particles.js [33m404[0m 2.151 ms - 161[0m
[0mGET /users/sign-in [36m304[0m 4.241 ms - -[0m
[0mGET /assets/js/particles.js [33m404[0m 2.072 ms - 161[0m
[0mGET /users/sign-in [36m304[0m 3.853 ms - -[0m
[0mGET /assets/js/particles.js [33m404[0m 2.826 ms - 161[0m
[0mGET /users/sign-in [36m304[0m 3.908 ms - -[0m
[0mGET /assets/js/particles.js [33m404[0m 1.934 ms - 161[0m
[0mGET /users/sign-in [36m304[0m 3.788 ms - -[0m
[0mGET /assets/js/particles.js [33m404[0m 2.855 ms - 161[0m
[0mGET /users/sign-in [36m304[0m 3.673 ms - -[0m
[0mGET /assets/js/particles.js [33m404[0m 2.055 ms - 161[0m
[0mGET /users/sign-in [36m304[0m 3.780 ms - -[0m
[0mGET /assets/js/particles.js [33m404[0m 1.762 ms - 161[0m
[0mGET / [32m200[0m 39.401 ms - 5456[0m
[0mGET /js/tsparticles.engine.min.js [33m404[0m 8.475 ms - 167[0m
[0mGET /js/app.js [33m404[0m 3.937 ms - 148[0m
[0mGET /js/particles.js [33m404[0m 3.566 ms - 154[0m
[0mGET /users/sign-in [32m200[0m 4.705 ms - 2037[0m
[0mGET /users/auth/google [36m302[0m 3.139 ms - 0[0m
[0mGET /users/auth/google/callback?code=4%2F0AcvDMrANWoa-PkEy0eA_tCTCMI6gii0_7hLhySiRo2FwrnCBDj6wmpMBoGYiju13Nuu6DQ&scope=email+profile+https%3A%2F%2Fwww.googleapis.com%2Fauth%2Fuserinfo.email+https%3A%2F%2Fwww.googleapis.com%2Fauth%2Fuserinfo.profile+openid&authuser=0&prompt=none [36m302[0m 711.001 ms - 72[0m
[0mGET /users/sign-in [36m304[0m 6.029 ms - -[0m
[0mGET /users/auth/google [36m302[0m 2.390 ms - 0[0m
[0mGET /users/auth/google/callback?code=4%2F0AcvDMrAo85lGFypyHwHQXr4BkfZ7u9rGOZmRilLdBTsPkhoUSbQ80RsEj5DEwQqETdkSAg&scope=email+profile+https%3A%2F%2Fwww.googleapis.com%2Fauth%2Fuserinfo.profile+openid+https%3A%2F%2Fwww.googleapis.com%2Fauth%2Fuserinfo.email&authuser=0&prompt=none [36m302[0m 549.798 ms - 72[0m
[0mGET /users/sign-in [36m304[0m 4.034 ms - -[0m
[0mGET /users/auth/google [36m302[0m 2.229 ms - 0[0m
[0mGET /users/auth/google/callback?code=4%2F0ATx3LY4MCdie22yJfmHWt2lrOq8GeR-LDIOhg8VDfk6BijUNiWPl1h3TC6zB1iMa3lgbiA&scope=email+profile+https%3A%2F%2Fwww.googleapis.com%2Fauth%2Fuserinfo.email+openid+https%3A%2F%2Fwww.googleapis.com%2Fauth%2Fuserinfo.profile&authuser=0&prompt=none [36m302[0m 247.034 ms - 72[0m
[0mGET /users/sign-in [36m304[0m 3.862 ms - -[0m
[0mGET /users/sign-in [36m304[0m 4.041 ms - -[0m
[0mPOST /users/create-session [36m302[0m 3.331 ms - 72[0m
[0mGET /users/sign-in [32m200[0m 3.115 ms - 2283[0m
[0mGET /users/auth/google [36m302[0m 1.741 ms - 0[0m
[0mGET /users/auth/google/callback?code=4%2F0ATx3LY6I3Z8D1qWpO5958RtG0rt4huXJE8_mkpp32N6KA9mQzvEMIaSb-ICYFD1hrykhsQ&scope=email+profile+https%3A%2F%2Fwww.googleapis.com%2Fauth%2Fuserinfo.profile+openid+https%3A%2F%2Fwww.googleapis.com%2Fauth%2Fuserinfo.email&authuser=0&prompt=none [36m302[0m 822.674 ms - 72[0m
[0mGET /users/sign-in [32m200[0m 4.737 ms - 2037[0m
[0mGET / [32m200[0m 42.948 ms - 5456[0m
[0mGET /js/tsparticles.engine.min.js [33m404[0m 5.283 ms - 167[0m
[0mGET /js/app.js [33m404[0m 11.588 ms - 148[0m
[0mGET /js/particles.js [33m404[0m 2.369 ms - 154[0m
[0mGET /favicon.ico [33m404[0m 3.183 ms - 150[0m
[0mGET /users/sign-up [32m200[0m 5.504 ms - 2191[0m
[0mGET /users/auth/google [36m302[0m 3.955 ms - 0[0m
[0mGET /users/auth/google/callback?code=4%2F0ATx3LY5EWAmdqowyobtM0HobL5iAhvYK50rr8qmVgmObzLNzLKo2OwK82RpNqGEtasOEVw&scope=email+profile+https%3A%2F%2Fwww.googleapis.com%2Fauth%2Fuserinfo.profile+openid+https%3A%2F%2Fwww.googleapis.com%2Fauth%2Fuserinfo.email&authuser=0&hd=itbhu.ac.in&prompt=none [36m302[0m 726.301 ms - 46[0m
[0mGET / [32m200[0m 16.421 ms - 8592[0m
[0mGET /js/tsparticles.engine.min.js [33m404[0m 8.529 ms - 167[0m
[0mGET /js/app.js [33m404[0m 8.080 ms - 148[0m
[0mGET /js/particles.js [33m404[0m 4.885 ms - 154[0m
[0mGET / [32m200[0m 20.171 ms - 5583[0m
[0mGET /js/tsparticles.engine.min.js [33m404[0m 2.861 ms - 167[0m
[0mGET /js/app.js [33m404[0m 2.655 ms - 148[0m
[0mGET /js/particles.js [33m404[0m 3.245 ms - 154[0m
[0mGET / [36m304[0m 15.419 ms - -[0m
[0mGET /js/tsparticles.engine.min.js [33m404[0m 2.534 ms - 167[0m
[0mGET /js/app.js [33m404[0m 3.818 ms - 148[0m
[0mGET /js/particles.js [33m404[0m 2.147 ms - 154[0m
[0mGET /users/sign-in [36m304[0m 3.952 ms - -[0m
[0mGET /users/auth/google [36m302[0m 2.183 ms - 0[0m
[0mGET /users/auth/google/callback?code=4%2F0AcvDMrCL7eZKd1au8CYMrjbDDfscdFQBkc9L9OQLEgk7zpyteS-CUKRGnfvaPRIu5ye2Fw&scope=email+profile+https%3A%2F%2Fwww.googleapis.com%2Fauth%2Fuserinfo.profile+https%3A%2F%2Fwww.googleapis.com%2Fauth%2Fuserinfo.email+openid&authuser=0&prompt=none [36m302[0m 659.975 ms - 72[0m
[0mGET /users/sign-in [36m304[0m 4.811 ms - -[0m
[0mGET /users/auth/google [36m302[0m 1.845 ms - 0[0m
[0mGET /users/auth/google/callback?code=4%2F0ATx3LY7HQnPo28QnvJgBPYO1UN-ymBtQbX6LJ5zAZNyNoa1MX7WzVdjG4g9dUF1K7T84ag&scope=email+profile+https%3A%2F%2Fwww.googleapis.com%2Fauth%2Fuserinfo.email+openid+https%3A%2F%2Fwww.googleapis.com%2Fauth%2Fuserinfo.profile&authuser=0&prompt=none [36m302[0m 239.399 ms - 72[0m
[0mGET /users/sign-in [36m304[0m 3.794 ms - -[0m
[0mPOST /users/create-session [36m302[0m 5.894 ms - 46[0m
[0mGET / [32m200[0m 14.949 ms - 8911[0m
[0mGET /js/tsparticles.engine.min.js [33m404[0m 11.391 ms - 167[0m
[0mGET /js/app.js [33m404[0m 11.827 ms - 148[0m
[0mGET /js/particles.js [33m404[0m 6.851 ms - 154[0m
[0mGET / [32m200[0m 16.290 ms - 8265[0m
[0mGET /js/tsparticles.engine.min.js [33m404[0m 8.062 ms - 167[0m
[0mGET /js/particles.js [33m404[0m 5.904 ms - 154[0m
[0mGET /js/app.js [33m404[0m 9.714 ms - 148[0m
[0mGET /favicon.ico [33m404[0m 3.985 ms - 150[0m
[0mPOST /comments/create [36m302[0m 15.350 ms - 46[0m
[0mGET / [32m200[0m 28.010 ms - 9355[0m
[0mGET /js/tsparticles.engine.min.js [33m404[0m 8.577 ms - 167[0m
[0mGET /js/app.js [33m404[0m 11.100 ms - 148[0m
[0mGET /js/particles.js [33m404[0m 6.531 ms - 154[0m
[0mPOST /comments/create [36m302[0m 19.001 ms - 46[0m
[0mGET / [32m200[0m 17.577 ms - 9488[0m
[0mGET /js/tsparticles.engine.min.js [33m404[0m 4.739 ms - 167[0m
[0mGET /js/app.js [33m404[0m 9.028 ms - 148[0m
[0mGET /js/particles.js [33m404[0m 4.614 ms - 154[0m
[0mGET /users/profile/66937f2564bd27d3c75dc55a [32m200[0m 6.960 ms - 2282[0m
[0mGET /users/profile/66937f2564bd27d3c75dc55a [32m200[0m 5.834 ms - 2142[0m
[0mGET /users/profile/66937f2564bd27d3c75dc55a [36m304[0m 7.701 ms - -[0m
[0mGET /js/app.js [33m404[0m 5.416 ms - 148[0m
[0mGET / [32m200[0m 16.543 ms - 9029[0m
[0mGET /js/tsparticles.engine.min.js [33m404[0m 6.987 ms - 167[0m
[0mGET /js/app.js [33m404[0m 8.908 ms - 148[0m
[0mGET /js/particles.js [33m404[0m 4.051 ms - 154[0m
[0mGET / [36m304[0m 12.645 ms - -[0m
[0mGET /js/tsparticles.engine.min.js [33m404[0m 7.725 ms - 167[0m
[0mGET /js/app.js [33m404[0m 10.572 ms - 148[0m
[0mGET /js/particles.js [33m404[0m 3.794 ms - 154[0m
[0mGET / [36m304[0m 12.673 ms - -[0m
[0mGET /js/tsparticles.engine.min.js [33m404[0m 8.187 ms - 167[0m
[0mGET /js/app.js [33m404[0m 11.268 ms - 148[0m
[0mGET /js/particles.js [33m404[0m 3.595 ms - 154[0m
[0mGET / [32m200[0m 14.870 ms - 10617[0m
[0mGET /js/tsparticles.engine.min.js [33m404[0m 4.772 ms - 167[0m
[0mGET /js/app.js [33m404[0m 7.946 ms - 148[0m
[0mGET /js/particles.js [33m404[0m 2.647 ms - 154[0m
[0mGET / [32m200[0m 13.344 ms - 10711[0m
[0mGET /js/tsparticles.engine.min.js [33m404[0m 5.668 ms - 167[0m
[0mGET /js/app.js [33m404[0m 8.059 ms - 148[0m
[0mGET /js/particles.js [33m404[0m 4.344 ms - 154[0m
[0mGET / [32m200[0m 12.640 ms - 10602[0m
[0mGET /js/particles.js [33m404[0m 3.568 ms - 154[0m
[0mGET / [36m304[0m 14.968 ms - -[0m
[0mGET /js/particles.js [33m404[0m 4.961 ms - 154[0m
[0mGET / [36m304[0m 13.118 ms - -[0m
[0mGET /js/particles.js [33m404[0m 4.212 ms - 154[0m
[0mGET / [36m304[0m 14.818 ms - -[0m
[0mGET /js/particles.js [33m404[0m 2.938 ms - 154[0m
[0mGET / [36m304[0m 14.453 ms - -[0m
[0mGET /js/particles.js [33m404[0m 2.613 ms - 154[0m
[0mGET / [32m200[0m 13.306 ms - 10620[0m
[0mGET /js/particles.js [33m404[0m 2.665 ms - 154[0m
[0mGET / [36m304[0m 14.794 ms - -[0m
[0mGET /js/particles.js [33m404[0m 10.457 ms - 154[0m
[0mGET / [32m200[0m 13.969 ms - 10602[0m
[0mGET /js/particles.js [33m404[0m 2.966 ms - 154[0m
[0mGET / [36m304[0m 12.402 ms - -[0m
[0mGET /js/particles.js [33m404[0m 3.310 ms - 154[0m
[0mGET / [36m304[0m 28.038 ms - -[0m
[0mGET /js/particles.js [33m404[0m 4.073 ms - 154[0m
[0mGET / [36m304[0m 13.728 ms - -[0m
[0mGET /js/particles.js [33m404[0m 2.883 ms - 154[0m
[0mPOST /posts/create [32m200[0m 20.935 ms - 322[0m
[0mGET /posts/destroy/6693927564bd27d3c75dc625 [32m200[0m 8.669 ms - 72[0m
[0mGET / [36m304[0m 20.867 ms - -[0m
[0mGET /js/particles.js [33m404[0m 4.752 ms - 154[0m
[0mPOST /posts/create [32m200[0m 10.609 ms - 322[0m
[0mGET /posts/destroy/669395a364bd27d3c75dc635 [32m200[0m 7.320 ms - 72[0m
[0mGET / [32m200[0m 36.535 ms - 5997[0m
[0mGET /js/particles.js [33m404[0m 9.300 ms - 154[0m
[0mGET /users/sign-in [32m200[0m 6.183 ms - 1897[0m
[0mGET /users/auth/google [36m302[0m 3.310 ms - 0[0m
[0mGET /users/auth/google/callback?code=4%2F0ATx3LY5OHKgwzrOp9X_VykltkEXWaj77NRnRUb0SkadRxj5xoqySj06JIXOUpijfUUEksQ&scope=email+profile+https%3A%2F%2Fwww.googleapis.com%2Fauth%2Fuserinfo.profile+openid+https%3A%2F%2Fwww.googleapis.com%2Fauth%2Fuserinfo.email&authuser=0&hd=itbhu.ac.in&prompt=none [36m302[0m 732.765 ms - 72[0m
[0mGET /users/sign-in [36m304[0m 5.596 ms - -[0m
[0mGET / [36m304[0m 24.421 ms - -[0m
[0mGET /js/particles.js [33m404[0m 3.959 ms - 154[0m
[0mGET /users/sign-in [36m304[0m 5.141 ms - -[0m
[0mGET /users/auth/google [36m302[0m 2.281 ms - 0[0m
[0mGET /users/auth/google/callback?code=4%2F0ATx3LY4w_xqn0hyYq73VlveTt-YeNB313A_Cq66-fgRBkB2AEfhzoNE2GPf9orEU266_jQ&scope=email+profile+https%3A%2F%2Fwww.googleapis.com%2Fauth%2Fuserinfo.profile+openid+https%3A%2F%2Fwww.googleapis.com%2Fauth%2Fuserinfo.email&authuser=0&hd=itbhu.ac.in&prompt=none [36m302[0m 546.215 ms - 72[0m
[0mGET /users/sign-in [36m304[0m 3.646 ms - -[0m
[0mGET /users/auth/google [36m302[0m 2.799 ms - 0[0m
[0mGET /users/auth/google/callback?code=4%2F0ATx3LY5xJX4iyDJ4dcqU0x68JhngM9LHWP2lBsdhc7T2jhcZoNHqGrqG4Rzkxo38CE0B9Q&scope=email+profile+https%3A%2F%2Fwww.googleapis.com%2Fauth%2Fuserinfo.profile+openid+https%3A%2F%2Fwww.googleapis.com%2Fauth%2Fuserinfo.email&authuser=0&hd=itbhu.ac.in&prompt=none [36m302[0m 259.606 ms - 72[0m
[0mGET /users/sign-in [36m304[0m 3.760 ms - -[0m
[0mGET /users/auth/google [36m302[0m 2.371 ms - 0[0m
[0mGET /users/auth/google/callback?code=4%2F0ATx3LY5PN4W3BQJ3BC5n3Du3MtDN8tx0MumUXUe26fPSvD0wjMqdBwj4DHiTFTPksuQNOw&scope=email+profile+https%3A%2F%2Fwww.googleapis.com%2Fauth%2Fuserinfo.profile+https%3A%2F%2Fwww.googleapis.com%2Fauth%2Fuserinfo.email+openid&authuser=0&hd=itbhu.ac.in&prompt=none [36m302[0m 279.615 ms - 72[0m
[0mGET /users/sign-in [36m304[0m 4.612 ms - -[0m
[0mPOST /users/create-session [36m302[0m 6.719 ms - 46[0m
[0mGET / [32m200[0m 20.221 ms - 12450[0m
[0mGET /js/particles.js [33m404[0m 5.253 ms - 154[0m
[0mPOST /posts/create [32m200[0m 32.621 ms - 310[0m
[0mPOST /posts/destroy/6692a3654454d9819633bb9f [33m404[0m 4.969 ms - 178[0m
[0mGET /users/profile/6692a3424454d9819633bb98 [32m200[0m 11.657 ms - 2204[0m
[0mPOST /likes/toggle/?id=66937106ce45ae89d678920d&type=comment [32m200[0m 11.586 ms - 58[0m
[0mPOST /likes/toggle/?id=6693801864bd27d3c75dc587&type=comment [32m200[0m 9.060 ms - 58[0m
[0mPOST /comments/create [36m302[0m 16.121 ms - 46[0m
[0mGET / [32m200[0m 38.798 ms - 14877[0m
[0mGET /js/particles.js [33m404[0m 4.669 ms - 154[0m
[0mGET /users/profile/6692a3424454d9819633bb98 [36m302[0m 3.082 ms - 72[0m
[0mGET /users/sign-in [36m304[0m 13.453 ms - -[0m
[0mGET /users/auth/google [36m302[0m 3.632 ms - 0[0m
[0mGET /users/auth/google/callback?code=4%2F0ATx3LY7mXb55-hrPPg4wN-Rt7T4oV48EvbZGT7R7d1HCWes0siOMSisIXYEM2Hb3cZ0cvA&scope=email+profile+https%3A%2F%2Fwww.googleapis.com%2Fauth%2Fuserinfo.email+openid+https%3A%2F%2Fwww.googleapis.com%2Fauth%2Fuserinfo.profile&authuser=0&hd=itbhu.ac.in&prompt=none [0m-[0m - ms - -[0m
[0mGET /users/auth/google [36m302[0m 3.207 ms - 0[0m
[0mGET /users/auth/google/callback?code=4%2F0ATx3LY5zEdfdVf3DlHRI6-50QLbIiExGc8RklntitvoFFFQaL4_KLPApL72z0x2nzEFoXg&scope=email+profile+https%3A%2F%2Fwww.googleapis.com%2Fauth%2Fuserinfo.email+openid+https%3A%2F%2Fwww.googleapis.com%2Fauth%2Fuserinfo.profile&authuser=0&hd=itbhu.ac.in&prompt=none [36m302[0m 267.268 ms - 72[0m
[0mGET /users/sign-in [36m304[0m 6.570 ms - -[0m
[0mPOST /posts/destroy/6692b1b64454d9819633bbab [33m404[0m 4.154 ms - 178[0m
[0mPOST /posts/destroy/6692b1b64454d9819633bbab [33m404[0m 5.097 ms - 178[0m
[0mPOST /posts/destroy/6692b1b64454d9819633bbab [36m302[0m 9.266 ms - 72[0m
[0mGET /users/sign-in [36m304[0m 9.744 ms - -[0m
[0mGET /users/auth/google [36m302[0m 4.242 ms - 0[0m
[0mGET /users/auth/google/callback?code=4%2F0ATx3LY4LuVpZ9nU4Lu5r8YE74N1fyWtRmQwh0BF6uQbv035kriN1CC0DuUa_YtrbCHSI5A&scope=email+profile+https%3A%2F%2Fwww.googleapis.com%2Fauth%2Fuserinfo.profile+openid+https%3A%2F%2Fwww.googleapis.com%2Fauth%2Fuserinfo.email&authuser=0&hd=itbhu.ac.in&prompt=none [36m302[0m 691.698 ms - 72[0m
[0mGET /users/sign-in [36m304[0m 6.482 ms - -[0m
[0mPOST /users/create-session [36m302[0m 7.166 ms - 46[0m
[0mGET / [32m200[0m 31.878 ms - 14885[0m
[0mGET /js/particles.js [33m404[0m 3.786 ms - 154[0m
[0mPOST /posts/destroy/66939b510d8ac78db844f43a [36m302[0m 10.189 ms - 88[0m
[0mGET / [32m200[0m 17.183 ms - 12921[0m
[0mGET /js/particles.js [33m404[0m 4.317 ms - 154[0m
[0mPOST /posts/destroy/6692b1b64454d9819633bbab [36m302[0m 11.533 ms - 88[0m
[0mGET / [32m200[0m 17.584 ms - 10916[0m
[0mGET /js/particles.js [33m404[0m 3.916 ms - 154[0m
[0mGET / [32m200[0m 16.415 ms - 10561[0m
[0mGET /js/particles.js [33m404[0m 5.306 ms - 154[0m
[0mGET / [32m200[0m 19.395 ms - 11071[0m
[0mGET /js/particles.js [33m404[0m 3.024 ms - 154[0m
[0mPOST /posts/create [32m200[0m 25.842 ms - 309[0m
[0mGET /posts/destroy/6693f654201be39624974642 [33m404[0m 3.129 ms - 177[0m
[0mGET /posts/destroy/6693f654201be39624974642 [33m404[0m 3.156 ms - 177[0m
[0mGET /posts/destroy/6693f654201be39624974642 [33m404[0m 3.430 ms - 177[0m
[0mGET /posts/destroy/6693f654201be39624974642 [33m404[0m 3.344 ms - 177[0m
[0mGET / [32m200[0m 16.983 ms - 12552[0m
[0mGET /js/particles.js [33m404[0m 8.628 ms - 154[0m
[0mPOST /posts/destroy/6693f654201be39624974642 [36m302[0m 9.051 ms - 88[0m
[0mGET / [32m200[0m 17.216 ms - 10916[0m
[0mGET /js/particles.js [33m404[0m 3.390 ms - 154[0m
[0mGET / [32m200[0m 18.250 ms - 10561[0m
[0mGET /js/particles.js [33m404[0m 3.729 ms - 154[0m
[0mPOST /posts/destroy/6692a3654454d9819633bb9f [36m302[0m 8.261 ms - 88[0m
[0mGET / [32m200[0m 12.686 ms - 8911[0m
[0mGET /js/particles.js [33m404[0m 3.566 ms - 154[0m
[0mGET / [32m200[0m 11.748 ms - 8556[0m
[0mGET /js/particles.js [33m404[0m 5.114 ms - 154[0m
[0mPOST /posts/create [32m200[0m 12.892 ms - 311[0m
[0mPOST /posts/create [32m200[0m 11.765 ms - 311[0m
[0mGET /posts/destroy/6693f82a201be3962497467d [33m404[0m 3.174 ms - 177[0m
[0mGET /posts/destroy/6693f82a201be3962497467d [33m404[0m 2.540 ms - 177[0m
[0mGET /posts/destroy/6693f82a201be3962497467d [33m404[0m 3.064 ms - 177[0m
[0mGET /posts/destroy/6693f82a201be3962497467d [33m404[0m 3.160 ms - 177[0m
[0mGET /posts/destroy/6693f82a201be3962497467d [33m404[0m 3.047 ms - 177[0m
[0mGET /posts/destroy/6693f82a201be3962497467d [33m404[0m 3.062 ms - 177[0m
[0mGET / [32m200[0m 19.768 ms - 12542[0m
[0mGET /js/particles.js [33m404[0m 4.088 ms - 154[0m
[0mPOST /posts/destroy/6693f82b201be39624974680 [36m302[0m 7.762 ms - 88[0m
[0mGET / [32m200[0m 14.234 ms - 10904[0m
[0mGET /js/particles.js [33m404[0m 4.180 ms - 154[0m
[0mPOST /posts/destroy/6693f82a201be3962497467d [36m302[0m 5.768 ms - 88[0m
[0mGET / [32m200[0m 14.122 ms - 8911[0m
[0mGET /js/particles.js [33m404[0m 3.143 ms - 154[0m
[0mGET / [32m200[0m 15.394 ms - 8556[0m
[0mGET /js/particles.js [33m404[0m 2.750 ms - 154[0m
[0mGET / [36m304[0m 57.303 ms - -[0m
[0mGET /js/particles.js [33m404[0m 6.243 ms - 154[0m
[0mPOST /posts/create [32m200[0m 24.770 ms - 311[0m
[0mGET / [32m200[0m 26.819 ms - 10549[0m
[0mGET /js/particles.js [33m404[0m 5.261 ms - 154[0m
[0mGET / [32m200[0m 18.502 ms - 10549[0m
[0mGET /js/particles.js [33m404[0m 3.505 ms - 154[0m
[0mGET / [32m200[0m 19.719 ms - 10569[0m
[0mGET /js/particles.js [33m404[0m 4.197 ms - 154[0m
[0mGET / [36m304[0m 25.530 ms - -[0m
[0mGET /js/particles.js [33m404[0m 4.010 ms - 154[0m
[0mGET / [36m304[0m 15.615 ms - -[0m
[0mGET /js/particles.js [33m404[0m 5.449 ms - 154[0m
[0mGET / [36m304[0m 18.348 ms - -[0m
[0mGET /js/particles.js [33m404[0m 4.815 ms - 154[0m
[0mGET / [36m304[0m 17.267 ms - -[0m
[0mGET /js/particles.js [33m404[0m 3.451 ms - 154[0m
[0mGET / [36m304[0m 17.078 ms - -[0m
[0mGET /js/particles.js [33m404[0m 3.159 ms - 154[0m
[0mGET / [36m304[0m 19.841 ms - -[0m
[0mGET /js/particles.js [33m404[0m 2.676 ms - 154[0m
[0mPOST /likes/toggle/?id=66939c130d8ac78db844f44f&type=comment [32m200[0m 9.524 ms - 58[0m
[0mPOST /likes/toggle/?id=6693802664bd27d3c75dc596&type=comment [32m200[0m 7.583 ms - 58[0m
[0mPOST /likes/toggle/?id=6693801864bd27d3c75dc587&type=comment [32m200[0m 10.117 ms - 57[0m
[0mPOST /likes/toggle/?id=66937106ce45ae89d678920d&type=comment [32m200[0m 8.893 ms - 57[0m
[0mPOST /likes/toggle/?id=669370f8ce45ae89d6789202&type=Post [32m200[0m 8.510 ms - 58[0m
[0mPOST /likes/toggle/?id=669370f8ce45ae89d6789202&type=Post [32m200[0m 10.992 ms - 57[0m
[0mPOST /likes/toggle/?id=669370f8ce45ae89d6789202&type=Post [32m200[0m 8.313 ms - 58[0m
[0mGET / [32m200[0m 14.338 ms - 10569[0m
[0mGET /js/particles.js [33m404[0m 4.534 ms - 154[0m
[0mGET / [36m304[0m 14.595 ms - -[0m
[0mGET /js/particles.js [33m404[0m 3.406 ms - 154[0m
[0mGET / [36m304[0m 13.832 ms - -[0m
[0mGET /js/particles.js [33m404[0m 3.281 ms - 154[0m
[0mGET / [36m304[0m 15.136 ms - -[0m
[0mGET /js/particles.js [33m404[0m 3.230 ms - 154[0m
[0mPOST /likes/toggle/?id=6693fb682592b25bc6e446b9&type=Post [32m200[0m 7.403 ms - 58[0m
[0mGET / [32m200[0m 15.802 ms - 10557[0m
[0mGET /js/particles.js [33m404[0m 4.361 ms - 154[0m
[0mGET / [36m304[0m 12.518 ms - -[0m
[0mGET /js/particles.js [33m404[0m 3.939 ms - 154[0m
[0mGET / [36m304[0m 14.755 ms - -[0m
[0mGET /js/particles.js [33m404[0m 3.945 ms - 154[0m
[0mGET / [36m304[0m 13.294 ms - -[0m
[0mGET /js/particles.js [33m404[0m 3.813 ms - 154[0m
[0mGET / [36m304[0m 15.666 ms - -[0m
[0mGET /js/particles.js [33m404[0m 3.946 ms - 154[0m
[0mGET / [36m304[0m 14.447 ms - -[0m
[0mGET /js/particles.js [33m404[0m 3.046 ms - 154[0m
[0mGET / [36m304[0m 14.881 ms - -[0m
[0mGET /js/particles.js [33m404[0m 2.815 ms - 154[0m
[0mGET / [36m304[0m 15.592 ms - -[0m
[0mGET /js/particles.js [33m404[0m 4.019 ms - 154[0m
[0mPOST /posts/destroy/6693fb682592b25bc6e446b9 [36m302[0m 7.818 ms - 88[0m
[0mGET / [32m200[0m 12.013 ms - 8915[0m
[0mGET /js/particles.js [33m404[0m 3.306 ms - 154[0m
[0mGET / [32m200[0m 16.499 ms - 8560[0m
[0mGET /js/particles.js [33m404[0m 4.107 ms - 154[0m
[0mGET / [36m304[0m 14.044 ms - -[0m
[0mGET /js/particles.js [33m404[0m 3.464 ms - 154[0m
[0mGET / [36m304[0m 17.382 ms - -[0m
[0mGET /js/particles.js [33m404[0m 3.866 ms - 154[0m
[0mGET / [36m304[0m 12.941 ms - -[0m
[0mGET /js/particles.js [33m404[0m 4.752 ms - 154[0m
[0mGET / [36m304[0m 14.393 ms - -[0m
[0mGET /js/particles.js [33m404[0m 3.083 ms - 154[0m
[0mGET / [36m304[0m 12.930 ms - -[0m
[0mGET /js/particles.js [33m404[0m 2.726 ms - 154[0m
[0mGET / [36m304[0m 13.403 ms - -[0m
[0mGET /js/particles.js [33m404[0m 2.864 ms - 154[0m
[0mGET / [36m304[0m 11.607 ms - -[0m
[0mGET /js/particles.js [33m404[0m 3.357 ms - 154[0m
[0mGET / [36m304[0m 13.440 ms - -[0m
[0mGET /js/particles.js [33m404[0m 3.233 ms - 154[0m
[0mGET / [32m200[0m 14.532 ms - 8605[0m
[0mGET /js/particles.js [33m404[0m 4.341 ms - 154[0m
[0mGET /assets/images/logo.png [33m404[0m 7.410 ms - 161[0m
[0mGET / [36m304[0m 16.163 ms - -[0m
[0mGET /assets/images/logo.png [33m404[0m 4.448 ms - 161[0m
[0mGET /js/particles.js [33m404[0m 3.034 ms - 154[0m
[0mGET / [36m304[0m 15.426 ms - -[0m
[0mGET /assets/images/logo.png [33m404[0m 4.406 ms - 161[0m
[0mGET /js/particles.js [33m404[0m 4.134 ms - 154[0m
[0mGET / [32m200[0m 11.945 ms - 8606[0m
[0mGET /assets/images/logo.png [33m404[0m 7.422 ms - 161[0m
[0mGET /js/particles.js [33m404[0m 4.256 ms - 154[0m
[0mGET / [32m200[0m 18.269 ms - 8613[0m
[0mGET /assets/images/Myntra-Logo.png [33m404[0m 5.180 ms - 168[0m
[0mGET /js/particles.js [33m404[0m 7.056 ms - 154[0m
[0mGET / [36m304[0m 15.945 ms - -[0m
[0mGET /assets/images/Myntra-Logo.png [33m404[0m 4.009 ms - 168[0m
[0mGET /js/particles.js [33m404[0m 4.056 ms - 154[0m
[0mGET / [32m200[0m 13.041 ms - 8686[0m
[0mGET /assets/images/Myntra-Logo.png [33m404[0m 5.072 ms - 168[0m
[0mGET /js/particles.js [33m404[0m 3.946 ms - 154[0m
[0mGET / [36m304[0m 14.579 ms - -[0m
[0mGET /assets/images/Myntra-Logo.png [33m404[0m 4.470 ms - 168[0m
[0mGET /js/particles.js [33m404[0m 3.235 ms - 154[0m
[0mGET / [36m304[0m 15.910 ms - -[0m
[0mGET /assets/images/Myntra-Logo.png [33m404[0m 4.365 ms - 168[0m
[0mGET /js/particles.js [33m404[0m 3.167 ms - 154[0m
[0mGET / [32m200[0m 14.808 ms - 8745[0m
[0mGET /assets/images/Myntra-Logo.png [33m404[0m 4.937 ms - 168[0m
[0mGET /js/particles.js [33m404[0m 3.018 ms - 154[0m
[0mGET / [36m304[0m 14.698 ms - -[0m
[0mGET /assets/images/Myntra-Logo.png [33m404[0m 4.041 ms - 168[0m
[0mGET /js/particles.js [33m404[0m 2.779 ms - 154[0m
[0mGET / [32m200[0m 40.962 ms - 8747[0m
[0mGET /assets/images/Myntra-Logo.png [33m404[0m 9.692 ms - 168[0m
[0mGET /js/particles.js [33m404[0m 6.631 ms - 154[0m
[0mGET / [36m304[0m 18.854 ms - -[0m
[0mGET /assets/images/Myntra-Logo.png [33m404[0m 6.698 ms - 168[0m
[0mGET /js/particles.js [33m404[0m 4.352 ms - 154[0m
[0mGET / [36m304[0m 15.194 ms - -[0m
[0mGET /assets/images/Myntra-Logo.png [33m404[0m 5.298 ms - 168[0m
[0mGET /js/particles.js [33m404[0m 3.686 ms - 154[0m
[0mGET / [36m304[0m 15.092 ms - -[0m
[0mGET /assets/images/Myntra-Logo.png [33m404[0m 5.991 ms - 168[0m
[0mGET /js/particles.js [33m404[0m 4.802 ms - 154[0m
[0mGET / [36m304[0m 13.440 ms - -[0m
[0mGET /assets/images/Myntra-Logo.png [33m404[0m 5.488 ms - 168[0m
[0mGET /js/particles.js [33m404[0m 4.134 ms - 154[0m
[0mGET / [32m200[0m 18.920 ms - 8747[0m
[0mGET /js/particles.js [33m404[0m 3.596 ms - 154[0m
[0mGET / [32m200[0m 13.560 ms - 8638[0m
[0mGET /assets/images/Myntra-Logo.png [33m404[0m 7.894 ms - 168[0m
[0mGET /js/particles.js [33m404[0m 6.716 ms - 154[0m
[0mGET / [36m304[0m 14.755 ms - -[0m
[0mGET /assets/images/Myntra-Logo.png [33m404[0m 5.007 ms - 168[0m
[0mGET /js/particles.js [33m404[0m 4.052 ms - 154[0m
[0mGET / [36m304[0m 21.484 ms - -[0m
[0mGET /assets/images/Myntra-Logo.png [33m404[0m 4.455 ms - 168[0m
[0mGET /js/particles.js [33m404[0m 4.838 ms - 154[0m
[0mGET / [32m200[0m 17.218 ms - 8631[0m
[0mGET /assets/images/logo.png [33m404[0m 7.042 ms - 161[0m
[0mGET /js/particles.js [33m404[0m 4.313 ms - 154[0m
[0mGET / [36m304[0m 13.933 ms - -[0m
[0mGET /assets/images/logo.png [33m404[0m 6.482 ms - 161[0m
[0mGET /js/particles.js [33m404[0m 4.869 ms - 154[0m
[0mGET / [32m200[0m 31.488 ms - 8640[0m
[0mGET /assets/images/Myntra-Logo.png [33m404[0m 8.607 ms - 168[0m
[0mGET /js/particles.js [33m404[0m 7.225 ms - 154[0m
[0mGET / [32m200[0m 34.127 ms - 8633[0m
[0mGET /assets/images/logo.png [33m404[0m 15.312 ms - 161[0m
[0mGET /js/particles.js [33m404[0m 11.912 ms - 154[0m
[0mGET / [36m304[0m 31.628 ms - -[0m
[0mGET /assets/images/logo.png [33m404[0m 14.501 ms - 161[0m
[0mGET /js/particles.js [33m404[0m 16.747 ms - 154[0m
[0mGET / [36m304[0m 33.840 ms - -[0m
[0mGET /assets/images/logo.png [33m404[0m 14.020 ms - 161[0m
[0mGET /js/particles.js [33m404[0m 14.784 ms - 154[0m
[0mGET / [36m304[0m 25.854 ms - -[0m
[0mGET /assets/images/logo.png [33m404[0m 12.778 ms - 161[0m
[0mGET /js/particles.js [33m404[0m 12.320 ms - 154[0m
[0mGET / [36m304[0m 26.574 ms - -[0m
[0mGET /assets/images/logo.png [33m404[0m 11.973 ms - 161[0m
[0mGET /js/particles.js [33m404[0m 10.430 ms - 154[0m
[0mGET / [36m304[0m 27.249 ms - -[0m
[0mGET /assets/images/logo.png [33m404[0m 11.542 ms - 161[0m
[0mGET /js/particles.js [33m404[0m 6.962 ms - 154[0m
[0mGET / [36m304[0m 24.701 ms - -[0m
[0mGET /assets/images/logo.png [33m404[0m 10.131 ms - 161[0m
[0mGET /js/particles.js [33m404[0m 10.946 ms - 154[0m
[0mGET / [36m304[0m 25.360 ms - -[0m
[0mGET /assets/images/logo.png [33m404[0m 10.633 ms - 161[0m
[0mGET /js/particles.js [33m404[0m 7.907 ms - 154[0m
[0mGET / [36m304[0m 25.336 ms - -[0m
[0mGET /assets/images/logo.png [33m404[0m 9.076 ms - 161[0m
[0mGET /js/particles.js [33m404[0m 7.110 ms - 154[0m
[0mGET / [36m304[0m 20.766 ms - -[0m
[0mGET /assets/images/logo.png [33m404[0m 7.276 ms - 161[0m
[0mGET /js/particles.js [33m404[0m 6.560 ms - 154[0m
[0mGET / [36m304[0m 21.610 ms - -[0m
[0mGET /assets/images/logo.png [33m404[0m 8.370 ms - 161[0m
[0mGET /js/particles.js [33m404[0m 8.338 ms - 154[0m
[0mGET / [36m304[0m 22.272 ms - -[0m
[0mGET /assets/images/logo.png [33m404[0m 5.698 ms - 161[0m
[0mGET /js/particles.js [33m404[0m 5.233 ms - 154[0m
[0mGET / [36m304[0m 23.173 ms - -[0m
[0mGET /assets/images/logo.png [33m404[0m 11.434 ms - 161[0m
[0mGET /js/particles.js [33m404[0m 10.443 ms - 154[0m
[0mGET / [32m200[0m 28.542 ms - 8653[0m
[0mGET /assets/images/logo.png [33m404[0m 12.008 ms - 161[0m
[0mGET /js/particles.js [33m404[0m 7.581 ms - 154[0m
[0mGET / [36m304[0m 25.539 ms - -[0m
[0mGET /assets/images/logo.png [33m404[0m 11.293 ms - 161[0m
[0mGET /js/particles.js [33m404[0m 13.739 ms - 154[0m
[0mGET / [32m200[0m 62.490 ms - 4949[0m
[0mGET /assets/images/logo.png [33m404[0m 7.622 ms - 161[0m
[0mGET /js/particles.js [33m404[0m 5.627 ms - 154[0m
[0mGET / [36m304[0m 29.987 ms - -[0m
[0mGET /assets/images/logo.png [33m404[0m 4.643 ms - 161[0m
[0mGET /js/particles.js [33m404[0m 5.191 ms - 154[0m
[0mGET /users/sign-up [32m200[0m 16.298 ms - 2128[0m
[0mGET /assets/images/logo.png [33m404[0m 6.153 ms - 161[0m
[0mPOST /users/create [36m302[0m 26.064 ms - 72[0m
[0mGET /users/sign-in [32m200[0m 7.643 ms - 1974[0m
[0mGET /assets/images/logo.png [33m404[0m 6.479 ms - 161[0m
[0mPOST /users/create-session [36m302[0m 14.584 ms - 46[0m
[0mGET / [32m200[0m 33.739 ms - 9073[0m
[0mGET /assets/images/logo.png [33m404[0m 13.006 ms - 161[0m
[0mGET /js/particles.js [33m404[0m 19.371 ms - 154[0m
[0mGET / [32m200[0m 32.528 ms - 8746[0m
[0mGET /assets/images/logo.png [33m404[0m 12.626 ms - 161[0m
[0mGET /js/particles.js [33m404[0m 9.925 ms - 154[0m
[0mPOST /posts/create [32m200[0m 32.581 ms - 324[0m
[0mGET / [32m200[0m 39.372 ms - 10754[0m
[0mGET /assets/images/logo.png [33m404[0m 12.576 ms - 161[0m
[0mGET /js/particles.js [33m404[0m 10.973 ms - 154[0m
[0mPOST /posts/create [32m200[0m 22.254 ms - 336[0m
[0mGET / [32m200[0m 29.221 ms - 12774[0m
[0mGET /assets/images/logo.png [33m404[0m 12.634 ms - 161[0m
[0mGET /js/particles.js [33m404[0m 15.801 ms - 154[0m
[0mGET /users/sign-out [36m302[0m 10.644 ms - 46[0m
[0mGET / [32m200[0m 27.305 ms - 6838[0m
[0mGET /assets/images/logo.png [33m404[0m 4.953 ms - 161[0m
[0mGET /js/particles.js [33m404[0m 4.114 ms - 154[0m
[0mGET /users/sign-in [36m304[0m 6.745 ms - -[0m
[0mGET /assets/images/logo.png [33m404[0m 3.424 ms - 161[0m
[0mGET /users/auth/google [36m302[0m 5.733 ms - 0[0m
[0mGET /users/auth/google/callback?code=4%2F0AcvDMrDfUQm2kFyW70PtyGlWrVPk4frSck3a5Uy1qt7I-1iNG8khZDOx00rVQBT0vAGWWg&scope=email+profile+https%3A%2F%2Fwww.googleapis.com%2Fauth%2Fuserinfo.profile+openid+https%3A%2F%2Fwww.googleapis.com%2Fauth%2Fuserinfo.email&authuser=0&hd=itbhu.ac.in&prompt=none [36m302[0m 1322.384 ms - 72[0m
[0mGET /users/sign-in [36m304[0m 6.309 ms - -[0m
[0mGET /assets/images/logo.png [33m404[0m 3.728 ms - 161[0m
[0mGET /users/auth/google [36m302[0m 3.965 ms - 0[0m
[0mGET /users/auth/google/callback?code=4%2F0ATx3LY4ycU_Le38Dbexq5DMIBESO09-KQbV8KLxYBl2xmtGinBA8i3yl5Tcp4D7l--_Xqg&scope=email+profile+https%3A%2F%2Fwww.googleapis.com%2Fauth%2Fuserinfo.email+openid+https%3A%2F%2Fwww.googleapis.com%2Fauth%2Fuserinfo.profile&authuser=0&hd=itbhu.ac.in&prompt=none [36m302[0m 245.651 ms - 72[0m
[0mGET /users/sign-in [36m304[0m 5.744 ms - -[0m
[0mGET /assets/images/logo.png [33m404[0m 4.598 ms - 161[0m
[0mGET /users/auth/google [36m302[0m 3.498 ms - 0[0m
[0mGET /users/auth/google/callback?code=4%2F0AcvDMrDkG_3RV6Pb023O8TRPTPWl1NcNK7EWfvwMPb1SoYVcnGJf50y0R9OuHlNNhtCedw&scope=email+profile+https%3A%2F%2Fwww.googleapis.com%2Fauth%2Fuserinfo.profile+openid+https%3A%2F%2Fwww.googleapis.com%2Fauth%2Fuserinfo.email&authuser=0&hd=itbhu.ac.in&prompt=none [36m302[0m 250.788 ms - 72[0m
[0mGET /users/sign-in [36m304[0m 8.423 ms - -[0m
[0mGET /assets/images/logo.png [33m404[0m 5.416 ms - 161[0m
[0mPOST /users/create-session [36m302[0m 8.362 ms - 46[0m
[0mGET / [32m200[0m 27.136 ms - 11598[0m
[0mGET /assets/images/logo.png [33m404[0m 9.236 ms - 161[0m
[0mGET /js/particles.js [33m404[0m 11.917 ms - 154[0m
[0mGET /users/profile/6692a3424454d9819633bb98 [32m200[0m 15.300 ms - 2277[0m
[0mGET /users/assets/images/logo.png [33m404[0m 12.803 ms - 167[0m
[0mPOST /users/update/6692a3424454d9819633bb98 [36m302[0m 9.213 ms - 164[0m
[0mGET /users/profile/6692a3424454d9819633bb98 [32m200[0m 11.757 ms - 2274[0m
[0mGET /users/assets/images/logo.png [33m404[0m 5.042 ms - 167[0m
[0mGET / [32m200[0m 38.708 ms - 11269[0m
[0mGET /assets/images/logo.png [33m404[0m 11.197 ms - 161[0m
[0mGET /js/particles.js [33m404[0m 7.550 ms - 154[0m
[0mPOST /posts/create [32m200[0m 22.681 ms - 344[0m
[0mGET / [32m200[0m 36.678 ms - 13302[0m
[0mGET /assets/images/logo.png [33m404[0m 10.663 ms - 161[0m
[0mGET /js/particles.js [33m404[0m 7.160 ms - 154[0m
[0mPOST /posts/create [32m200[0m 22.897 ms - 345[0m
[0mGET /users/sign-out [36m302[0m 7.887 ms - 46[0m
[0mGET / [32m200[0m 29.216 ms - 8312[0m
[0mGET /assets/images/logo.png [33m404[0m 7.973 ms - 161[0m
[0mGET /js/particles.js [33m404[0m 3.534 ms - 154[0m
[0mGET /users/sign-up [32m200[0m 9.075 ms - 2128[0m
[0mGET /assets/images/logo.png [33m404[0m 4.212 ms - 161[0m
[0mPOST /users/create [36m302[0m 10.810 ms - 72[0m
[0mGET /users/sign-in [36m304[0m 5.860 ms - -[0m
[0mGET /assets/images/logo.png [33m404[0m 3.522 ms - 161[0m
[0mPOST /users/create-session [36m302[0m 14.380 ms - 46[0m
[0mGET / [32m200[0m 35.989 ms - 14260[0m
[0mGET /assets/images/logo.png [33m404[0m 10.256 ms - 161[0m
[0mGET /js/particles.js [33m404[0m 6.919 ms - 154[0m
[0mPOST /posts/create [32m200[0m 22.217 ms - 327[0m
[0mPOST /posts/create [32m200[0m 21.604 ms - 339[0m
[0mGET / [32m200[0m 49.974 ms - 17971[0m
[0mGET /assets/images/logo.png [33m404[0m 6.515 ms - 161[0m
[0mGET /js/particles.js [33m404[0m 15.365 ms - 154[0m
[0mGET / [36m304[0m 33.323 ms - -[0m
[0mGET /assets/images/logo.png [33m404[0m 13.672 ms - 161[0m
[0mGET /js/particles.js [33m404[0m 10.536 ms - 154[0m
[0mGET / [32m200[0m 35.247 ms - 17984[0m
[0mGET /assets/images/logo.png [33m404[0m 9.028 ms - 161[0m
[0mGET /js/particles.js [33m404[0m 10.251 ms - 154[0m
[0mGET /users/sign-out [36m302[0m 10.272 ms - 46[0m
[0mGET / [32m200[0m 39.342 ms - 9905[0m
[0mGET /assets/images/logo.png [33m404[0m 6.653 ms - 161[0m
[0mGET /js/particles.js [33m404[0m 8.556 ms - 154[0m
[0mGET /users/sign-up [36m304[0m 8.912 ms - -[0m
[0mGET /assets/images/logo.png [33m404[0m 4.439 ms - 161[0m
[0mPOST /users/create [36m302[0m 9.593 ms - 72[0m
[0mGET /users/sign-in [36m304[0m 7.711 ms - -[0m
[0mGET /assets/images/logo.png [33m404[0m 3.398 ms - 161[0m
[0mPOST /users/create-session [36m302[0m 13.651 ms - 46[0m
[0mGET / [32m200[0m 38.833 ms - 16920[0m
[0mGET /assets/images/logo.png [33m404[0m 11.939 ms - 161[0m
[0mGET /js/particles.js [33m404[0m 8.646 ms - 154[0m
[0mPOST /likes/toggle/?id=669370f8ce45ae89d6789202&type=Post [32m200[0m 18.855 ms - 58[0m
[0mPOST /likes/toggle/?id=6694265058722ca2f48de2ac&type=Post [32m200[0m 11.884 ms - 58[0m
[0mPOST /likes/toggle/?id=6694268158722ca2f48de2b8&type=Post [32m200[0m 11.363 ms - 58[0m
[0mPOST /likes/toggle/?id=6694270758722ca2f48de2ea&type=Post [32m200[0m 11.845 ms - 58[0m
[0mPOST /likes/toggle/?id=6694275358722ca2f48de2f6&type=Post [32m200[0m 12.417 ms - 58[0m
[0mPOST /likes/toggle/?id=669427c558722ca2f48de30d&type=Post [32m200[0m 12.169 ms - 58[0m
[0mPOST /likes/toggle/?id=669427ee58722ca2f48de310&type=Post [32m200[0m 9.912 ms - 58[0m
[0mGET /users/profile/6694296158722ca2f48de335 [32m200[0m 10.828 ms - 2209[0m
[0mGET /users/assets/images/logo.png [33m404[0m 8.683 ms - 167[0m
[0mPOST /users/update/6694296158722ca2f48de335 [36m302[0m 9.201 ms - 164[0m
[0mGET /users/profile/6694296158722ca2f48de335 [32m200[0m 12.153 ms - 2206[0m
[0mGET /users/assets/images/logo.png [33m404[0m 6.547 ms - 167[0m
[0mPOST /users/update/6694296158722ca2f48de335 [36m302[0m 8.246 ms - 164[0m
[0mGET /users/profile/6694296158722ca2f48de335 [36m304[0m 9.730 ms - -[0m
[0mGET /users/assets/images/logo.png [33m404[0m 9.788 ms - 167[0m
[0mGET / [32m200[0m 41.004 ms - 16591[0m
[0mGET /assets/images/logo.png [33m404[0m 9.689 ms - 161[0m
[0mGET /js/particles.js [33m404[0m 8.756 ms - 154[0m
[0mPOST /posts/create [32m200[0m 20.101 ms - 340[0m
[0mPOST /posts/create [32m200[0m 17.937 ms - 330[0m
[0mGET /users/sign-out [36m302[0m 9.029 ms - 46[0m
[0mGET / [32m200[0m 35.408 ms - 11486[0m
[0mGET /assets/images/logo.png [33m404[0m 5.823 ms - 161[0m
[0mGET /js/particles.js [33m404[0m 4.549 ms - 154[0m
[0mGET /users/sign-up [36m304[0m 8.367 ms - -[0m
[0mGET /assets/images/logo.png [33m404[0m 5.318 ms - 161[0m
[0mPOST /users/create [36m302[0m 6.058 ms - 72[0m
[0mGET /users/sign-in [36m304[0m 4.705 ms - -[0m
[0mGET /assets/images/logo.png [33m404[0m 5.054 ms - 161[0m
[0mPOST /users/create-session [36m302[0m 9.229 ms - 46[0m
[0mGET / [32m200[0m 37.742 ms - 19571[0m
[0mGET /assets/images/logo.png [33m404[0m 8.304 ms - 161[0m
[0mGET /js/particles.js [33m404[0m 20.325 ms - 154[0m
[0mPOST /posts/create [32m200[0m 20.910 ms - 329[0m
[0mGET / [32m200[0m 46.549 ms - 21260[0m
[0mGET /assets/images/logo.png [33m404[0m 12.701 ms - 161[0m
[0mGET /js/particles.js [33m404[0m 11.709 ms - 154[0m
[0mPOST /posts/create [32m200[0m 28.319 ms - 327[0m
[0mPOST /posts/create [32m200[0m 19.224 ms - 314[0m
[0mPOST /posts/create [32m200[0m 17.183 ms - 323[0m
[0mPOST /likes/toggle/?id=66942c8458722ca2f48de38f&type=Post [32m200[0m 10.005 ms - 58[0m
[0mPOST /likes/toggle/?id=66942c3e58722ca2f48de38c&type=Post [32m200[0m 10.224 ms - 58[0m
[0mPOST /likes/toggle/?id=669427ee58722ca2f48de310&type=Post [32m200[0m 15.061 ms - 58[0m
[0mPOST /likes/toggle/?id=669427c558722ca2f48de30d&type=Post [32m200[0m 13.486 ms - 58[0m
[0mPOST /likes/toggle/?id=6694275358722ca2f48de2f6&type=Post [32m200[0m 11.977 ms - 58[0m
[0mPOST /likes/toggle/?id=6694270758722ca2f48de2ea&type=Post [32m200[0m 15.259 ms - 58[0m
[0mPOST /likes/toggle/?id=6694268158722ca2f48de2b8&type=Post [32m200[0m 14.600 ms - 58[0m
[0mPOST /likes/toggle/?id=6694265058722ca2f48de2ac&type=Post [32m200[0m 10.522 ms - 58[0m
[0mPOST /likes/toggle/?id=669370f8ce45ae89d6789202&type=Post [32m200[0m 12.247 ms - 58[0m
[0mPOST /likes/toggle/?id=669370f8ce45ae89d6789202&type=Post [32m200[0m 14.385 ms - 57[0m
[0mGET / [32m200[0m 43.036 ms - 27285[0m
[0mGET /assets/images/logo.png [33m404[0m 11.255 ms - 161[0m
[0mGET /js/particles.js [33m404[0m 12.256 ms - 154[0m
[0mGET / [36m304[0m 52.558 ms - -[0m
[0mGET /assets/images/logo.png [33m404[0m 11.543 ms - 161[0m
[0mGET /js/particles.js [33m404[0m 11.271 ms - 154[0m
[0mGET / [32m200[0m 50.571 ms - 27297[0m
[0mGET /assets/images/logo.png [33m404[0m 9.442 ms - 161[0m
[0mGET /js/particles.js [33m404[0m 12.351 ms - 154[0m
[0mGET / [32m200[0m 46.545 ms - 27305[0m
[0mGET /assets/images/logo.png [33m404[0m 9.729 ms - 161[0m
[0mGET /js/particles.js [33m404[0m 12.872 ms - 154[0m
[0mGET / [32m200[0m 38.619 ms - 27309[0m
[0mGET /assets/images/logo.png [33m404[0m 7.685 ms - 161[0m
[0mGET /js/particles.js [33m404[0m 10.375 ms - 154[0m
[0mGET / [32m200[0m 42.918 ms - 27308[0m
[0mGET /assets/images/logo.png [33m404[0m 6.201 ms - 161[0m
[0mGET /js/particles.js [33m404[0m 8.629 ms - 154[0m
[0mGET / [32m200[0m 43.228 ms - 27335[0m
[0mGET /assets/images/logo.png [33m404[0m 7.114 ms - 161[0m
[0mGET /js/particles.js [33m404[0m 12.579 ms - 154[0m
[0mGET /js/tsparticles.engine.min.js [33m404[0m 2.280 ms - 167[0m
[0mGET /js/app.js [33m404[0m 2.407 ms - 148[0m
[0mGET /js/particles.js [33m404[0m 3.245 ms - 154[0m
[0mGET / [36m304[0m 50.108 ms - -[0m
[0mGET /assets/images/logo.png [33m404[0m 9.725 ms - 161[0m
[0mGET /js/particles.js [33m404[0m 10.691 ms - 154[0m
[0mGET / [32m200[0m 68.340 ms - 14188[0m
[0mGET /assets/images/logo.png [33m404[0m 7.099 ms - 161[0m
[0mGET /js/particles.js [33m404[0m 8.489 ms - 154[0m
[0mGET /users/sign-up [36m304[0m 7.654 ms - -[0m
[0mGET /assets/images/logo.png [33m404[0m 3.936 ms - 161[0m
[0mPOST /users/create [36m302[0m 8.728 ms - 72[0m
[0mGET /users/sign-in [36m304[0m 6.751 ms - -[0m
[0mGET /assets/images/logo.png [33m404[0m 3.356 ms - 161[0m
[0mPOST /users/create-session [36m302[0m 8.418 ms - 46[0m
[0mGET / [32m200[0m 41.447 ms - 24753[0m
[0mGET /assets/images/logo.png [33m404[0m 6.026 ms - 161[0m
[0mGET /js/particles.js [33m404[0m 11.194 ms - 154[0m
[0mGET / [32m200[0m 41.677 ms - 24426[0m
[0mGET /assets/images/logo.png [33m404[0m 7.723 ms - 161[0m
[0mGET /js/particles.js [33m404[0m 15.313 ms - 154[0m
[0mPOST /likes/toggle/?id=6694265058722ca2f48de2ac&type=Post [32m200[0m 12.402 ms - 58[0m
[0mPOST /likes/toggle/?id=6694275358722ca2f48de2f6&type=Post [32m200[0m 10.400 ms - 58[0m
[0mPOST /likes/toggle/?id=669427c558722ca2f48de30d&type=Post [32m200[0m 11.429 ms - 58[0m
[0mPOST /likes/toggle/?id=66942cf858722ca2f48de3a6&type=Post [32m200[0m 9.431 ms - 58[0m
[0mPOST /likes/toggle/?id=6694302058722ca2f48de3b2&type=Post [32m200[0m 10.591 ms - 58[0m
[0mPOST /likes/toggle/?id=6694304858722ca2f48de3b5&type=Post [32m200[0m 10.112 ms - 58[0m
[0mPOST /likes/toggle/?id=6694306358722ca2f48de3b8&type=Post [32m200[0m 10.458 ms - 58[0m
[0mPOST /posts/create [32m200[0m 41.878 ms - 311[0m
[0mGET / [32m200[0m 45.587 ms - 26422[0m
[0mGET /assets/images/logo.png [33m404[0m 8.728 ms - 161[0m
[0mGET /js/particles.js [33m404[0m 11.745 ms - 154[0m
[0mGET / [32m200[0m 49.253 ms - 26445[0m
[0mGET /assets/images/logo.png [33m404[0m 6.707 ms - 161[0m
[0mGET /js/particles.js [33m404[0m 12.933 ms - 154[0m
[0mGET / [36m304[0m 52.199 ms - -[0m
[0mGET /assets/images/logo.png [33m404[0m 7.341 ms - 161[0m
[0mGET /js/particles.js [33m404[0m 10.875 ms - 154[0m
[0mGET / [32m200[0m 45.214 ms - 26474[0m
[0mGET /assets/images/logo.png [33m404[0m 8.121 ms - 161[0m
[0mGET /js/particles.js [33m404[0m 9.930 ms - 154[0m
[0mGET / [36m304[0m 43.553 ms - -[0m
[0mGET /assets/images/logo.png [33m404[0m 9.037 ms - 161[0m
[0mGET /js/particles.js [33m404[0m 11.649 ms - 154[0m
[0mGET / [32m200[0m 49.743 ms - 26472[0m
[0mGET /assets/images/logo.png [33m404[0m 9.162 ms - 161[0m
[0mGET /js/particles.js [33m404[0m 9.040 ms - 154[0m
[0mGET / [32m200[0m 44.337 ms - 26471[0m
[0mGET /assets/images/logo.png [33m404[0m 8.608 ms - 161[0m
[0mGET /js/particles.js [33m404[0m 11.776 ms - 154[0m
[0mGET / [36m304[0m 43.189 ms - -[0m
[0mGET /assets/images/logo.png [33m404[0m 7.617 ms - 161[0m
[0mGET /js/particles.js [33m404[0m 11.798 ms - 154[0m
[0mPOST /posts/create [32m200[0m 22.908 ms - 307[0m
[0mGET /posts/destroy/6694a96558722ca2f48de4eb [33m404[0m 5.198 ms - 177[0m
[0mGET /posts/destroy/6694a96558722ca2f48de4eb [33m404[0m 4.462 ms - 177[0m
[0mGET / [32m200[0m 44.357 ms - 28463[0m
[0mGET /assets/images/logo.png [33m404[0m 8.035 ms - 161[0m
[0mGET /js/particles.js [33m404[0m 8.740 ms - 154[0m
[0mPOST /posts/destroy/6694a96558722ca2f48de4eb [36m302[0m 15.449 ms - 88[0m
[0mGET / [32m200[0m 38.260 ms - 26826[0m
[0mGET /assets/images/logo.png [33m404[0m 9.388 ms - 161[0m
[0mGET /js/particles.js [33m404[0m 7.824 ms - 154[0m
[0mPOST /posts/create [32m200[0m 22.229 ms - 307[0m
[0mGET / [32m200[0m 56.777 ms - 28459[0m
[0mGET /assets/images/logo.png [33m404[0m 6.885 ms - 161[0m
[0mGET /js/particles.js [33m404[0m 19.207 ms - 154[0m
[0mGET / [32m200[0m 57.910 ms - 28450[0m
[0mGET /assets/images/logo.png [33m404[0m 13.801 ms - 161[0m
[0mGET /js/particles.js [33m404[0m 15.362 ms - 154[0m
[0mGET / [36m304[0m 44.201 ms - -[0m
[0mGET /assets/images/logo.png [33m404[0m 7.976 ms - 161[0m
[0mGET /js/particles.js [33m404[0m 23.859 ms - 154[0m
[0mGET / [32m200[0m 43.698 ms - 28503[0m
[0mGET /assets/images/logo.png [33m404[0m 11.510 ms - 161[0m
[0mGET /js/particles.js [33m404[0m 14.703 ms - 154[0m
[0mGET / [36m304[0m 60.555 ms - -[0m
[0mGET /assets/images/logo.png [33m404[0m 12.842 ms - 161[0m
[0mGET /js/particles.js [33m404[0m 10.994 ms - 154[0m
[0mGET / [32m200[0m 53.421 ms - 28505[0m
[0mGET /assets/images/logo.png [33m404[0m 10.377 ms - 161[0m
[0mGET /js/particles.js [33m404[0m 10.760 ms - 154[0m
[0mGET / [36m304[0m 52.020 ms - -[0m
[0mGET /assets/images/logo.png [33m404[0m 9.647 ms - 161[0m
[0mGET /js/particles.js [33m404[0m 12.706 ms - 154[0m
[0mGET / [32m200[0m 45.243 ms - 28496[0m
[0mGET /assets/images/logo.png [33m404[0m 10.621 ms - 161[0m
[0mGET /js/particles.js [33m404[0m 11.896 ms - 154[0m
[0mGET / [32m200[0m 42.393 ms - 28460[0m
[0mGET /js/particles.js [33m404[0m 9.941 ms - 154[0m
[0mGET / [32m200[0m 50.147 ms - 28459[0m
[0mGET /js/particles.js [33m404[0m 8.444 ms - 154[0m
[0mGET / [36m304[0m 42.432 ms - -[0m
[0mGET /js/particles.js [33m404[0m 10.815 ms - 154[0m
[0mPOST /posts/destroy/6694a98458722ca2f48de508 [36m302[0m 12.976 ms - 88[0m
[0mGET / [32m200[0m 33.232 ms - 26822[0m
[0mGET /js/particles.js [33m404[0m 11.667 ms - 154[0m
[0mGET / [32m200[0m 39.535 ms - 26467[0m
[0mGET /js/particles.js [33m404[0m 10.348 ms - 154[0m
[0mGET / [32m200[0m 43.137 ms - 26466[0m
[0mGET /js/particles.js [33m404[0m 13.757 ms - 154[0m
[0mGET / [32m200[0m 57.303 ms - 26473[0m
[0mGET /js/particles.js [33m404[0m 21.003 ms - 154[0m
[0mGET / [32m200[0m 55.219 ms - 26520[0m
[0mGET /assets/images/giggle.gif [33m404[0m 11.665 ms - 163[0m
[0mGET /js/particles.js [33m404[0m 26.889 ms - 154[0m
[0mGET / [36m304[0m 57.151 ms - -[0m
[0mGET /assets/images/giggle.gif [33m404[0m 7.515 ms - 163[0m
[0mGET /js/particles.js [33m404[0m 9.728 ms - 154[0m
[0mGET / [32m200[0m 51.383 ms - 26473[0m
[0mGET /js/particles.js [33m404[0m 11.248 ms - 154[0m
[0mGET / [32m200[0m 57.264 ms - 26477[0m
[0mGET /js/particles.js [33m404[0m 12.501 ms - 154[0m
[0mGET / [32m200[0m 49.801 ms - 26048[0m
[0mGET /js/particles.js [33m404[0m 11.335 ms - 154[0m
[0mGET / [32m200[0m 59.380 ms - 26048[0m
[0mGET /js/particles.js [33m404[0m 12.039 ms - 154[0m
[0mGET / [32m200[0m 23.186 ms - 26297[0m
[0mGET /js/particles.js [33m404[0m 2.647 ms - 154[0m
[0mGET / [36m304[0m 20.605 ms - -[0m
[0mGET /js/particles.js [33m404[0m 4.357 ms - 154[0m
[0mGET / [32m200[0m 22.606 ms - 26537[0m
[0mGET /js/particles.js [33m404[0m 6.782 ms - 154[0m
[0mGET / [36m304[0m 20.862 ms - -[0m
[0mGET /js/particles.js [33m404[0m 6.770 ms - 154[0m
[0mGET / [36m304[0m 23.388 ms - -[0m
[0mGET /js/particles.js [33m404[0m 4.989 ms - 154[0m
[0mGET / [36m304[0m 22.378 ms - -[0m
[0mGET /js/particles.js [33m404[0m 4.508 ms - 154[0m
[0mGET / [36m304[0m 20.128 ms - -[0m
[0mGET /js/particles.js [33m404[0m 5.417 ms - 154[0m
[0mGET / [36m304[0m 20.388 ms - -[0m
[0mGET /js/particles.js [33m404[0m 4.907 ms - 154[0m
[0mGET / [36m304[0m 21.838 ms - -[0m
[0mGET /js/particles.js [33m404[0m 5.158 ms - 154[0m
[0mGET / [36m304[0m 21.313 ms - -[0m
[0mGET /js/particles.js [33m404[0m 6.512 ms - 154[0m
[0mGET / [36m304[0m 20.193 ms - -[0m
[0mGET /js/particles.js [33m404[0m 5.478 ms - 154[0m
[0mGET / [36m304[0m 23.456 ms - -[0m
[0mGET /js/particles.js [33m404[0m 5.715 ms - 154[0m
[0mGET / [36m304[0m 18.918 ms - -[0m
[0mGET /js/particles.js [33m404[0m 5.309 ms - 154[0m
[0mGET / [36m304[0m 18.719 ms - -[0m
[0mGET /js/particles.js [33m404[0m 4.507 ms - 154[0m
[0mGET / [36m304[0m 21.499 ms - -[0m
[0mGET /js/particles.js [33m404[0m 6.405 ms - 154[0m
[0mGET / [36m304[0m 23.591 ms - -[0m
[0mGET /js/particles.js [33m404[0m 5.777 ms - 154[0m
[0mGET / [32m200[0m 30.518 ms - 27006[0m
[0mGET /js/particles.js [33m404[0m 2.278 ms - 154[0m
[0mGET / [32m200[0m 22.103 ms - 27050[0m
[0mGET /js/particles.js [33m404[0m 2.719 ms - 154[0m
[0mGET / [36m304[0m 22.788 ms - -[0m
[0mGET /js/particles.js [33m404[0m 4.777 ms - 154[0m
[0mGET / [36m304[0m 22.249 ms - -[0m
[0mGET /js/particles.js [33m404[0m 5.826 ms - 154[0m
[0mGET / [32m200[0m 21.685 ms - 26798[0m
[0mGET /js/particles.js [33m404[0m 6.255 ms - 154[0m
[0mGET / [32m200[0m 22.303 ms - 26882[0m
[0mGET /js/particles.js [33m404[0m 5.440 ms - 154[0m
[0mGET / [32m200[0m 20.842 ms - 26966[0m
[0mGET /js/particles.js [33m404[0m 4.375 ms - 154[0m
[0mGET / [32m200[0m 20.734 ms - 27162[0m
[0mGET /js/particles.js [33m404[0m 6.249 ms - 154[0m
[0mGET / [36m304[0m 23.877 ms - -[0m
[0mGET /js/particles.js [33m404[0m 6.442 ms - 154[0m
[0mGET / [32m200[0m 21.341 ms - 26910[0m
[0mGET /js/particles.js [33m404[0m 5.773 ms - 154[0m
[0mGET / [32m200[0m 22.555 ms - 27050[0m
[0mGET /js/particles.js [33m404[0m 4.903 ms - 154[0m
[0mGET /users/profile/6694a43f58722ca2f48de456 [32m200[0m 6.616 ms - 2726[0m
[0mPOST /users/update/6694a43f58722ca2f48de456 [36m302[0m 15.340 ms - 164[0m
[0mGET /users/profile/6694a43f58722ca2f48de456 [32m200[0m 5.341 ms - 2779[0m
[0mGET / [36m304[0m 23.851 ms - -[0m
[0mGET /js/particles.js [33m404[0m 4.752 ms - 154[0m
[0mGET / [32m200[0m 22.804 ms - 27057[0m
[0mGET /js/particles.js [33m404[0m 6.450 ms - 154[0m
[0mGET / [32m200[0m 19.950 ms - 27078[0m
[0mGET /js/particles.js [33m404[0m 4.923 ms - 154[0m
[0mGET / [32m200[0m 26.333 ms - 27073[0m
[0mGET /js/particles.js [33m404[0m 8.725 ms - 154[0m
[0mGET / [32m200[0m 20.701 ms - 27078[0m
[0mGET /js/particles.js [33m404[0m 6.176 ms - 154[0m
[0mGET /users/profile/6694a43f58722ca2f48de456 [36m304[0m 5.250 ms - -[0m
[0mGET / [36m304[0m 23.652 ms - -[0m
[0mGET /js/particles.js [33m404[0m 5.359 ms - 154[0m
[0mGET / [32m200[0m 18.628 ms - 27086[0m
[0mGET /js/particles.js [33m404[0m 3.908 ms - 154[0m
[0mGET / [32m200[0m 21.719 ms - 16064[0m
[0mGET /js/particles.js [33m404[0m 3.281 ms - 154[0m
[0mGET / [36m304[0m 21.266 ms - -[0m
[0mGET /js/particles.js [33m404[0m 7.547 ms - 154[0m
[0mGET /users/sign-up [32m200[0m 5.596 ms - 2653[0m
[0mPOST /users/create [36m302[0m 6.726 ms - 72[0m
[0mGET /users/sign-in [32m200[0m 3.205 ms - 2499[0m
[0mPOST /users/create-session [36m302[0m 5.270 ms - 46[0m
[0mGET / [32m200[0m 22.795 ms - 26768[0m
[0mGET /js/particles.js [33m404[0m 6.599 ms - 154[0m
[0mGET / [32m200[0m 22.803 ms - 26441[0m
[0mGET /js/particles.js [33m404[0m 5.616 ms - 154[0m
[0mGET / [32m200[0m 21.521 ms - 26441[0m
[0mGET /js/particles.js [33m404[0m 4.805 ms - 154[0m
[0mGET / [32m200[0m 21.224 ms - 26435[0m
[0mGET /js/particles.js [33m404[0m 4.716 ms - 154[0m
[0mGET / [36m304[0m 23.602 ms - -[0m
[0mGET /js/particles.js [33m404[0m 4.748 ms - 154[0m
[0mGET / [36m304[0m 23.506 ms - -[0m
[0mGET /js/particles.js [33m404[0m 5.159 ms - 154[0m
[0mGET / [32m200[0m 22.938 ms - 26439[0m
[0mGET /js/particles.js [33m404[0m 5.940 ms - 154[0m
[0mGET / [32m200[0m 19.782 ms - 26443[0m
[0mGET /js/particles.js [33m404[0m 3.623 ms - 154[0m
[0mGET / [36m304[0m 22.110 ms - -[0m
[0mGET /js/particles.js [33m404[0m 5.685 ms - 154[0m
[0mGET / [36m304[0m 21.880 ms - -[0m
[0mGET /js/particles.js [33m404[0m 9.980 ms - 154[0m
[0mGET / [36m304[0m 20.829 ms - -[0m
[0mGET /js/particles.js [33m404[0m 5.706 ms - 154[0m
[0mGET / [36m304[0m 19.136 ms - -[0m
[0mGET /js/particles.js [33m404[0m 4.359 ms - 154[0m
[0mGET / [36m304[0m 23.701 ms - -[0m
[0mGET /js/particles.js [33m404[0m 4.598 ms - 154[0m
[0mGET / [36m304[0m 20.137 ms - -[0m
[0mGET /js/particles.js [33m404[0m 5.667 ms - 154[0m
[0mGET / [36m304[0m 19.439 ms - -[0m
[0mGET /js/particles.js [33m404[0m 5.702 ms - 154[0m
[0mGET / [36m304[0m 22.597 ms - -[0m
[0mGET /js/particles.js [33m404[0m 4.136 ms - 154[0m
[0mGET / [36m304[0m 18.983 ms - -[0m
[0mGET /js/particles.js [33m404[0m 5.785 ms - 154[0m
[0mPOST /posts/create [32m200[0m 11.509 ms - 333[0m
[0mPOST /likes/toggle/?id=6694c8a458722ca2f48de774&type=Post [32m200[0m 6.445 ms - 58[0m
[0mGET / [32m200[0m 22.895 ms - 28457[0m
[0mGET /js/particles.js [33m404[0m 4.589 ms - 154[0m
[0mPOST /likes/toggle/?id=6694a55f58722ca2f48de4a0&type=Post [32m200[0m 6.490 ms - 58[0m
[0mPOST /comments/create [36m302[0m 13.771 ms - 46[0m
[0mGET / [32m200[0m 39.736 ms - 29275[0m
[0mGET /js/particles.js [33m404[0m 5.501 ms - 154[0m
[0mPOST /likes/toggle/?id=6694c90e58722ca2f48de78e&type=comment [32m200[0m 6.798 ms - 58[0m
[0mPOST /posts/create [32m200[0m 13.267 ms - 361[0m
[0mGET / [32m200[0m 29.867 ms - 30998[0m
[0mGET /js/particles.js [33m404[0m 6.778 ms - 154[0m
[0mPOST /posts/destroy/6694c96058722ca2f48de7a3 [36m302[0m 7.489 ms - 88[0m
[0mGET / [32m200[0m 19.830 ms - 29311[0m
[0mGET /js/particles.js [33m404[0m 4.289 ms - 154[0m
[0mPOST /posts/create [32m200[0m 8.869 ms - 307[0m
[0mGET /posts/destroy/6694ca5b58722ca2f48de7bc [33m404[0m 3.248 ms - 177[0m
[0mGET / [32m200[0m 27.009 ms - 30944[0m
[0mGET /js/particles.js [33m404[0m 6.230 ms - 154[0m
[0mPOST /posts/destroy/6694ca5b58722ca2f48de7bc [36m302[0m 6.462 ms - 88[0m
[0mGET / [32m200[0m 20.964 ms - 29311[0m
[0mGET /js/particles.js [33m404[0m 7.666 ms - 154[0m
[0mPOST /posts/create [32m200[0m 8.641 ms - 306[0m
[0mGET / [32m200[0m 23.450 ms - 30943[0m
[0mGET /js/particles.js [33m404[0m 7.143 ms - 154[0m
[0mPOST /posts/destroy/6694caa258722ca2f48de7d6 [36m302[0m 6.708 ms - 88[0m
[0mGET / [32m200[0m 20.434 ms - 29311[0m
[0mGET /js/particles.js [33m404[0m 5.295 ms - 154[0m
[0mPOST /posts/create [32m200[0m 8.216 ms - 307[0m
[0mGET / [32m200[0m 30.454 ms - 30944[0m
[0mGET /js/particles.js [33m404[0m 6.096 ms - 154[0m
[0mPOST /posts/create [32m200[0m 9.307 ms - 359[0m
[0mPOST /posts/destroy/6694cada58722ca2f48de7ef [36m302[0m 6.074 ms - 88[0m
[0mGET / [32m200[0m 21.961 ms - 31351[0m
[0mGET /js/particles.js [33m404[0m 5.389 ms - 154[0m
[0mGET / [32m200[0m 22.094 ms - 30996[0m
[0mGET /js/particles.js [33m404[0m 6.385 ms - 154[0m
[0mGET / [32m200[0m 25.292 ms - 31326[0m
[0mGET /js/particles.js [33m404[0m 6.302 ms - 154[0m
[0mGET / [32m200[0m 24.609 ms - 31822[0m
[0mGET /js/particles.js [33m404[0m 4.246 ms - 154[0m
[0mGET / [36m304[0m 26.953 ms - -[0m
[0mGET /js/particles.js [33m404[0m 5.776 ms - 154[0m
[0mGET / [32m200[0m 33.013 ms - 30543[0m
[0mGET / [36m304[0m 26.673 ms - -[0m
[0mGET /likes/toggle/?id=6694304858722ca2f48de3b5&type=Post [33m404[0m 3.688 ms - 152[0m
[0mGET / [36m304[0m 24.048 ms - -[0m
[0mGET /users/sign-out [36m302[0m 4.105 ms - 46[0m
[0mGET / [32m200[0m 21.963 ms - 17815[0m
[0mGET /users/sign-up [36m304[0m 3.682 ms - -[0m
[0mPOST /users/create [36m302[0m 6.391 ms - 72[0m
[0mGET /users/sign-in [36m304[0m 3.338 ms - -[0m
[0mPOST /users/create-session [36m302[0m 4.265 ms - 46[0m
[0mGET / [32m200[0m 23.497 ms - 29483[0m
[0mGET /likes/toggle/?id=6694d0dd58722ca2f48de7fa&type=Post [33m404[0m 3.697 ms - 152[0m
[0mGET / [32m200[0m 21.692 ms - 28692[0m
[0mGET /likes/toggle/?id=6694c8a458722ca2f48de774&type=Post [33m404[0m 2.913 ms - 152[0m
[0mGET /likes/toggle/?id=6694c8a458722ca2f48de774&type=Post [33m404[0m 2.990 ms - 152[0m
[0mGET / [32m200[0m 24.199 ms - 27988[0m
[0mPOST /posts/create [36m302[0m 12.958 ms - 88[0m
[0mGET / [32m200[0m 27.801 ms - 30214[0m
[0mGET /likes/toggle/?id=6694da1e58722ca2f48de864&type=Post [33m404[0m 2.725 ms - 152[0m
[0mGET /likes/toggle/?id=6694da1e58722ca2f48de864&type=Post [33m404[0m 3.499 ms - 152[0m
[0mGET / [32m200[0m 25.018 ms - 29903[0m
[0mGET /likes/toggle/?id=6694c90e58722ca2f48de78e&type=comment [33m404[0m 3.007 ms - 152[0m
[0mGET / [32m200[0m 22.143 ms - 29869[0m
[0mGET /likes/toggle/?id=6694306358722ca2f48de3b8&type=Post [33m404[0m 3.354 ms - 152[0m
[0mGET / [32m200[0m 57.245 ms - 31433[0m
[0mGET / [36m304[0m 27.677 ms - -[0m
[0mPOST /posts/destroy/6694da1e58722ca2f48de864 [36m302[0m 16.477 ms - 88[0m
[0mGET / [32m200[0m 34.589 ms - 29783[0m
[0mGET /likes/toggle/?id=6694d0dd58722ca2f48de7fa&type=Post [33m404[0m 4.714 ms - 152[0m
[0mGET /likes/toggle/?id=6694c90e58722ca2f48de78e&type=comment [33m404[0m 4.016 ms - 152[0m
[0mGET /likes/toggle/?id=6694c90e58722ca2f48de78e&type=comment [33m404[0m 3.901 ms - 152[0m
[0mGET /likes/toggle/?id=6694c90e58722ca2f48de78e&type=comment [33m404[0m 3.467 ms - 152[0m
[0mGET / [32m200[0m 33.117 ms - 29428[0m
[0mGET /users/profile/6694279058722ca2f48de300 [32m200[0m 8.214 ms - 2359[0m
[0mGET / [36m304[0m 29.502 ms - -[0m
[0mGET /likes/toggle/?id=6694c90e58722ca2f48de78e&type=comment [33m404[0m 3.798 ms - 152[0m
[0mGET /likes/toggle/?id=669370f8ce45ae89d6789202&type=Post [33m404[0m 3.279 ms - 152[0m
[0mGET / [36m304[0m 34.613 ms - -[0m
[0mGET /likes/toggle/?id=6694c8a458722ca2f48de774&type=Post [33m404[0m 4.413 ms - 152[0m
[0mGET /likes/toggle/?id=6694a55f58722ca2f48de4a0&type=Post [33m404[0m 4.153 ms - 152[0m
[0mGET /likes/toggle/?id=6694a55f58722ca2f48de4a0&type=Post [33m404[0m 3.313 ms - 152[0m
[0mGET / [36m304[0m 24.624 ms - -[0m
[0mGET / [36m304[0m 28.532 ms - -[0m
[0mGET / [36m304[0m 25.412 ms - -[0m
[0mGET / [36m304[0m 30.009 ms - -[0m
[0mGET /likes/toggle/?id=6694306358722ca2f48de3b8&type=Post [33m404[0m 3.874 ms - 152[0m
[0mGET / [32m200[0m 33.671 ms - 29268[0m
[0mGET / [36m304[0m 28.667 ms - -[0m
[0mGET / [36m304[0m 28.965 ms - -[0m
[0mGET /users/profile/66935d4e9a77b184a0b470d4 [32m200[0m 7.303 ms - 2365[0m
[0mGET /likes/toggle/?id=6694306358722ca2f48de3b8&type=Post [33m404[0m 3.163 ms - 152[0m
[0mGET /likes/toggle/?id=6694304858722ca2f48de3b5&type=Post [33m404[0m 3.521 ms - 152[0m
[0mPOST /comments/create [36m302[0m 22.380 ms - 46[0m
[0mGET / [32m200[0m 44.523 ms - 30041[0m
[0mGET / [32m200[0m 33.926 ms - 29722[0m
[0mGET / [36m304[0m 69.509 ms - -[0m
[0mGET / [36m304[0m 76.944 ms - -[0m
[0mGET / [36m304[0m 51.129 ms - -[0m
[0mGET / [36m304[0m 54.456 ms - -[0m
[0mGET / [36m304[0m 55.485 ms - -[0m
[0mGET / [36m304[0m 51.028 ms - -[0m
[0mGET / [36m304[0m 46.521 ms - -[0m
[0mGET / [32m200[0m 59.270 ms - 17990[0m
[0mGET /users/sign-up [36m304[0m 8.037 ms - -[0m
[0mPOST /users/create [36m302[0m 14.629 ms - 72[0m
[0mGET /users/sign-in [36m304[0m 6.673 ms - -[0m
[0mPOST /users/create-session [36m302[0m 13.552 ms - 46[0m
[0mGET / [32m200[0m 43.465 ms - 30181[0m
[0mGET / [32m200[0m 46.153 ms - 29854[0m
[0mGET / [32m200[0m 64.330 ms - 29278[0m
[0mGET / [32m200[0m 54.323 ms - 29314[0m
[0mGET / [36m304[0m 84.277 ms - -[0m
[0mGET / [36m304[0m 54.155 ms - -[0m
[0mGET / [36m304[0m 61.731 ms - -[0m
[0mGET /images/bg1.png [33m404[0m 7.054 ms - 153[0m
[0mGET / [36m304[0m 46.564 ms - -[0m
[0mGET /images/bg1.png [33m404[0m 5.272 ms - 153[0m
[0mGET / [36m304[0m 49.927 ms - -[0m
[0mGET / [36m304[0m 108.578 ms - -[0m
[0mGET / [32m200[0m 63.883 ms - 29297[0m
[0mGET / [32m200[0m 87.919 ms - 29301[0m
[0mGET / [32m200[0m 64.098 ms - 29324[0m
[0mGET / [32m200[0m 72.528 ms - 29340[0m
[0mGET / [36m304[0m 67.228 ms - -[0m
[0mGET / [36m304[0m 54.481 ms - -[0m
[0mGET / [36m304[0m 52.853 ms - -[0m
[0mGET / [36m304[0m 61.569 ms - -[0m
[0mGET / [32m200[0m 119.691 ms - 28955[0m
[0mGET /users/profile/6692a3424454d9819633bb98 [32m200[0m 15.955 ms - 2116[0m
[0mPOST /posts/create [36m302[0m 52.221 ms - 88[0m
[0mGET / [32m200[0m 75.248 ms - 31287[0m
[0mGET / [32m200[0m 67.047 ms - 30976[0m
[0mGET / [32m200[0m 106.526 ms - 18459[0m
[0mGET / [36m304[0m 82.793 ms - -[0m
[0mGET /users/sign-up [32m200[0m 7.369 ms - 2395[0m
[0mGET /users/sign-up [32m200[0m 8.781 ms - 2411[0m
[0mGET /users/sign-up [32m200[0m 9.462 ms - 2435[0m
[0mGET /users/sign-up [32m200[0m 7.202 ms - 2455[0m
[0mGET /users/sign-up [32m200[0m 10.817 ms - 2471[0m
